2012-05-14 00:06:48.497+0000: WARNING! Deprecated configuration options used. See manual for details
2012-05-14 00:06:48.497+0000: enable_online_backup has been replaced with online_backup_enabled and online_backup_port
2012-05-14 00:06:48.710+0000: Creating new db @ /Users/mars/src/ruby/rails/Sigma/db/neo4j-development/neostore
2012-05-14 00:06:48.854+0000: Opened [/Users/mars/src/ruby/rails/Sigma/db/neo4j-development/nioneo_logical.log.1] clean empty log, version=0, lastTxId=1
2012-05-14 00:06:48.909+0000: TM new log: tm_tx_log.1
2012-05-14 00:06:48.955+0000: Opened [/Users/mars/src/ruby/rails/Sigma/db/neo4j-development/index/lucene.log.1] clean empty log, version=0, lastTxId=1
2012-05-14 00:06:48.958+0000: --- STARTUP diagnostics START ---
2012-05-14 00:06:48.960+0000: Neo4j Kernel properties:
    read_only=false
    neo4j.ext.udc.host=udc.neo4j.org
    logical_log=/Users/mars/src/ruby/rails/Sigma/db/neo4j-development/nioneo_logical.log
    min_node_cache_size=0
    intercept_committing_transactions=false
    node_auto_indexing=false
    remote_shell_name=shell
    cache_type=soft
    intercept_deserialized_transactions=false
    ha.db=NO
    use_adaptive_cache=YES
    lucene_searcher_cache_size=2147483647
    neo4j.ext.udc.interval=86400000
    use_memory_mapped_buffers=true
    ha.coordinators=localhost:2181,localhost:2182,localhost:2183
    timestamps=YES
    rebuild_idgenerators_fast=true
    neostore.propertystore.db.index.keys.mapped_memory=1M
    max_node_cache_size=1500
    neostore.propertystore.db.strings.mapped_memory=130M
    neostore.propertystore.db.arrays.mapped_memory=130M
    gcr_cache_min_log_interval=60s
    relationship_grab_size=100
    relationship_auto_indexing=false
    remote_shell_read_only=false
    lucene_writer_cache_size=2147483647
    storage_path=/Users/mars/src/ruby/rails/Sigma/db/neo4j-development
    node_cache_array_fraction=1.0
    allow_store_upgrade=false
    execution_guard_enabled=false
    relationship_cache_array_fraction=1.0
    migration_thread=NO
    remote_logging_host=127.0.0.1
    store_dir=/Users/mars/src/ruby/rails/Sigma/db/neo4j-development
    remote_logging_port=4560
    enable_rules=YES
    gc_monitor_threshold=200ms
    load_kernel_extensions=true
    array_block_size=120
    neostore.relationshipstore.db.mapped_memory=50M
    dump_configuration=false
    gc_monitor_wait_time=100ms
    neostore.nodestore.db.mapped_memory=25M
    neo4j.ext.udc.first_delay=600000
    remote_shell_enabled=true
    min_relationship_cache_size=0
    max_relationship_cache_size=3500
    neo4j.ext.udc.reg=unreg
    remote_shell_port=9332
    adaptive_cache_heap_ratio=0.77
    identity_map=YES
    adaptive_cache_manager_decrease_ratio=1.15
    ha.server_id=2
    neo_store=/Users/mars/src/ruby/rails/Sigma/db/neo4j-development/neostore
    adaptive_cache_worker_sleep_time=3000
    neostore.propertystore.db.index.mapped_memory=1M
    adaptive_cache_manager_increase_ratio=1.1
    backup_slave=false
    neostore.propertystore.db.mapped_memory=90M
    string_block_size=120
    grab_file_lock=true
    remote_logging_enabled=false
    ha.server=localhost:6002
    neo4j.ext.udc.enabled=true
2012-05-14 00:06:48.970+0000: Diagnostics providers:
    org.neo4j.kernel.configuration.Config
    org.neo4j.kernel.info.DiagnosticsManager
    SYSTEM_MEMORY
    JAVA_MEMORY
    OPERATING_SYSTEM
    JAVA_VIRTUAL_MACHINE
    CLASSPATH
    LIBRARY_PATH
    SYSTEM_PROPERTIES
2012-05-14 00:06:48.971+0000: System memory information:
    Total Physical memory: 8.00 GB
    Free Physical memory: 3.91 GB
    Committed virtual memory: 3.26 GB
    Total swap space: 256.00 MB
    Free swap space: 244.13 MB
2012-05-14 00:06:49.003+0000: JVM memory information:
    Free  memory: 45.75 MB
    Total memory: 81.06 MB
    Max   memory: 493.75 MB
    Garbage Collector: ParNew: [Par Eden Space, Par Survivor Space]
    Garbage Collector: ConcurrentMarkSweep: [Par Eden Space, Par Survivor Space, CMS Old Gen, CMS Perm Gen]
    Memory Pool: Code Cache (Non-heap memory): committed=3.38 MB, used=3.29 MB, max=48.00 MB, threshold=0.00 B
    Memory Pool: Par Eden Space (Heap memory): committed=16.63 MB, used=672.55 kB, max=50.00 MB, threshold=?
    Memory Pool: Par Survivor Space (Heap memory): committed=2.06 MB, used=1.64 MB, max=6.25 MB, threshold=?
    Memory Pool: CMS Old Gen (Heap memory): committed=62.38 MB, used=33.01 MB, max=437.50 MB, threshold=0.00 B
    Memory Pool: CMS Perm Gen (Non-heap memory): committed=57.78 MB, used=37.92 MB, max=82.00 MB, threshold=0.00 B
2012-05-14 00:06:49.033+0000: Operating system information:
    Operating System: Mac OS X; version: 10.7.3; arch: x86_64; cpus: 8
    Max number of file descriptors: 10240
    Number of open file descriptors: 88
    Process id: 20477@Michaels-MacBook-Pro.local
    Byte order: LITTLE_ENDIAN
2012-05-14 00:06:49.039+0000: JVM information:
    VM Name: Java HotSpot(TM) 64-Bit Server VM
    VM Vendor: Apple Inc.
    VM Version: 20.4-b02-402
    JIT compiler: HotSpot 64-Bit Tiered Compilers
    VM Arguments: [-Djdk.home=, -Djruby.home=/Users/mars/.rvm/rubies/jruby-1.6.5, -Djruby.script=jruby, -Djruby.shell=/bin/sh, -Djffi.boot.library.path=/Users/mars/.rvm/rubies/jruby-1.6.5/lib/native/Darwin, -Xmx500m, -Xss2048k, -Djruby.memory.max=500m, -Djruby.stack.max=2048k, -Xbootclasspath/a:/Users/mars/.rvm/rubies/jruby-1.6.5/lib/jruby.jar, -Dfile.encoding=UTF-8]
2012-05-14 00:06:49.040+0000: Java classpath:
     [bootstrap] /System/Library/Java/JavaVirtualMachines/1.6.0.jdk/Contents/Classes/charsets.jar
     [bootstrap] /System/Library/Frameworks/JavaVM.framework/Versions/A/Frameworks/JavaRuntimeSupport.framework/Versions/A/Resources/Java/JavaRuntimeSupport.jar
     [loader.3] file:/System/Library/Java/Extensions/dns_sd.jar
     [loader.0] file:/Users/mars/.rvm/gems/jruby-1.6.5/gems/neo4j-community-1.7.0-java/lib/neo4j-community/jars/neo4j-graph-algo-1.7.jar
     [loader.3] file:/System/Library/Java/Extensions/MRJToolkit.jar
     [loader.0] file:/Users/mars/.rvm/gems/jruby-1.6.5@global/gems/bouncy-castle-java-1.5.0146.1/lib/bcprov-jdk15-146.jar
     [loader.3] file:/System/Library/Java/Extensions/vecmath.jar
     [loader.3] file:/System/Library/Java/Extensions/libmlib_jai.jnilib
     [loader.0] file:/Users/mars/.rvm/gems/jruby-1.6.5/gems/therubyrhino-1.73.3/lib/rhino/rhino-1.7R3.jar
     [loader.3] file:/System/Library/Java/JavaVirtualMachines/1.6.0.jdk/Contents/Home/lib/ext/dnsns.jar
     [loader.0] file:/Users/mars/.rvm/gems/jruby-1.6.5/gems/neo4j-community-1.7.0-java/lib/neo4j-community/jars/neo4j-udc-1.7.jar
     [bootstrap] /System/Library/Java/JavaVirtualMachines/1.6.0.jdk/Contents/Classes/laf.jar
     [bootstrap] /Users/mars/.rvm/rubies/jruby-1.6.5/lib/jruby.jar
     [loader.0] file:/Users/mars/.rvm/gems/jruby-1.6.5/gems/neo4j-community-1.7.0-java/lib/neo4j-community/jars/org.apache.servicemix.bundles.jline-0.9.94_1.jar
     [loader.3] file:/System/Library/Java/Extensions/libJ3D.jnilib
     [loader.3] file:/System/Library/Java/Extensions/mlibwrapper_jai.jar
     [bootstrap] /System/Library/Java/JavaVirtualMachines/1.6.0.jdk/Contents/Classes/classes.jar
     [loader.3] file:/System/Library/Java/JavaVirtualMachines/1.6.0.jdk/Contents/Home/lib/ext/localedata.jar
     [loader.0] file:/Users/mars/.rvm/gems/jruby-1.6.5/gems/neo4j-community-1.7.0-java/lib/neo4j-community/jars/neo4j-graph-matching-1.7.jar
     [loader.0] file:/Users/mars/.rvm/gems/jruby-1.6.5/gems/neo4j-community-1.7.0-java/lib/neo4j-community/jars/scala-library-2.9.0-1.jar
     [loader.0] file:/Users/mars/.rvm/gems/jruby-1.6.5/gems/neo4j-community-1.7.0-java/lib/neo4j-community/jars/neo4j-lucene-index-1.7.jar
     [loader.0] file:/Users/mars/.rvm/gems/jruby-1.6.5/gems/neo4j-community-1.7.0-java/lib/neo4j-community/jars/neo4j-cypher-1.7.jar
     [loader.0] file:/Users/mars/.rvm/gems/jruby-1.6.5@global/gems/bouncy-castle-java-1.5.0146.1/lib/bcmail-jdk15-146.jar
     [loader.3] file:/System/Library/Java/Extensions/QTJava.zip
     [loader.0] file:/Users/mars/.rvm/gems/jruby-1.6.5@global/gems/jruby-openssl-0.7.6.1/lib/shared/jopenssl.jar
     [bootstrap] /System/Library/Java/JavaVirtualMachines/1.6.0.jdk/Contents/Classes/ui.jar
     [loader.3] file:/System/Library/Java/Extensions/libAppleScriptEngine.jnilib
     [loader.3] file:/System/Library/Java/Extensions/libJ3DAudio.jnilib
     [loader.3] file:/System/Library/Java/Extensions/j3daudio.jar
     [loader.3] file:/System/Library/Java/Extensions/libJ3DUtils.jnilib
     [loader.3] file:/System/Library/Java/Extensions/libQTJNative.jnilib
     [loader.0] file:/Users/mars/.rvm/gems/jruby-1.6.5/gems/neo4j-community-1.7.0-java/lib/neo4j-community/jars/neo4j-shell-1.7.jar
     [loader.0] file:/Users/mars/.rvm/gems/jruby-1.6.5/gems/neo4j-community-1.7.0-java/lib/neo4j-community/jars/lucene-core-3.5.0.jar
     [loader.3] file:/System/Library/Java/Extensions/j3dcore.jar
     [bootstrap] /System/Library/Java/JavaVirtualMachines/1.6.0.jdk/Contents/Classes/sunrsasign.jar
     [loader.3] file:/System/Library/Java/Extensions/j3dutils.jar
     [classpath + loader.2] file:/Users/mars/src/ruby/rails/Sigma/
     [loader.3] file:/System/Library/Java/Extensions/jai_core.jar
     [loader.0] file:/Users/mars/.rvm/gems/jruby-1.6.5/gems/json-1.7.3-java/lib/json/ext/parser.jar
     [loader.3] file:/System/Library/Java/Extensions/jai_codec.jar
     [loader.0] file:/Users/mars/.rvm/gems/jruby-1.6.5/gems/neo4j-community-1.7.0-java/lib/neo4j-community/jars/neo4j-jmx-1.7.jar
     [loader.3] file:/System/Library/Java/JavaVirtualMachines/1.6.0.jdk/Contents/Home/lib/ext/sunjce_provider.jar
     [loader.0] file:/Users/mars/.rvm/gems/jruby-1.6.5/gems/neo4j-community-1.7.0-java/lib/neo4j-community/jars/neo4j-kernel-1.7.jar
     [bootstrap] /System/Library/Java/JavaVirtualMachines/1.6.0.jdk/Contents/Home/lib/jce.jar
     [bootstrap] /System/Library/Java/JavaVirtualMachines/1.6.0.jdk/Contents/Classes/jsse.jar
     [loader.0] file:/Users/mars/.rvm/gems/jruby-1.6.5/gems/neo4j-community-1.7.0-java/lib/neo4j-community/jars/server-api-1.7.jar
     [loader.0] file:/Users/mars/.rvm/gems/jruby-1.6.5/gems/neo4j-community-1.7.0-java/lib/neo4j-community/jars/geronimo-jta_1.1_spec-1.1.1.jar
     [loader.3] file:/System/Library/Java/Extensions/AppleScriptEngine.jar
     [bootstrap] /System/Library/Java/JavaVirtualMachines/1.6.0.jdk/Contents/Classes/jsfd.jar
     [loader.3] file:/System/Library/Java/JavaVirtualMachines/1.6.0.jdk/Contents/Home/lib/ext/apple_provider.jar
     [loader.3] file:/System/Library/Java/JavaVirtualMachines/1.6.0.jdk/Contents/Home/lib/ext/sunpkcs11.jar
     [loader.0] file:/Users/mars/.rvm/gems/jruby-1.6.5/gems/json-1.7.3-java/lib/json/ext/generator.jar
2012-05-14 00:06:49.042+0000: Library path:
    /Users/mars/src/ruby/rails/Sigma
    /Library/Java/Extensions
    /System/Library/Java/Extensions
    /usr/lib/java
2012-05-14 00:06:49.042+0000: System.properties:
    jruby.home = /Users/mars/.rvm/rubies/jruby-1.6.5
    sun.boot.library.path = /System/Library/Java/JavaVirtualMachines/1.6.0.jdk/Contents/Libraries
    awt.nativeDoubleBuffering = true
    gopherProxySet = false
    mrj.build = 11D50d
    path.separator = :
    file.encoding.pkg = sun.io
    sun.java.launcher = SUN_STANDARD
    user.country = US
    sun.os.patch.level = unknown
    user.dir = /Users/mars/src/ruby/rails/Sigma
    jdk.home = 
    sun.jnu.encoding = MacRoman
    jruby.memory.max = 500m
    sun.management.compiler = HotSpot 64-Bit Tiered Compilers
    http.nonProxyHosts = local|*.local|169.254/16|*.169.254/16
    jffi.boot.library.path = /Users/mars/.rvm/rubies/jruby-1.6.5/lib/native/Darwin
    user.home = /Users/mars
    user.timezone = America/New_York
    file.encoding = UTF-8
    jruby.stack.max = 2048k
    jruby.script = jruby
    user.name = mars
    jruby.shell = /bin/sh
    sun.java.command = org/jruby/Main /Users/mars/.rvm/gems/jruby-1.6.5/bin/rails s
    sun.arch.data.model = 64
    user.language = en
    awt.toolkit = apple.awt.CToolkit
    file.separator = /
    sun.io.unicode.encoding = UnicodeLittle
    sun.cpu.endian = little
    mrj.version = 1070.1.6.0_29-402
    socksNonProxyHosts = local|*.local|169.254/16|*.169.254/16
    ftp.nonProxyHosts = local|*.local|169.254/16|*.169.254/16
    sun.cpu.isalist = 
2012-05-14 00:06:49.043+0000: --- STARTUP diagnostics END ---
2012-05-14 00:06:49.240+0000: Extension org.neo4j.kernel.KernelExtension[kernel jmx] loaded ok
2012-05-14 00:06:49.537+0000: Extension org.neo4j.kernel.KernelExtension[shell] loaded ok
2012-05-14 00:06:49.550+0000: Extension org.neo4j.kernel.KernelExtension[kernel udc] loaded ok
2012-05-14 00:06:49.577+0000: --- STARTUP diagnostics for KernelDiagnostics:Versions START ---
2012-05-14 00:06:49.578+0000: Graph Database: org.neo4j.kernel.EmbeddedGraphDatabase StoreId[time:1336954008710, id:-1782371332819035648, store version: 13561656364791302]
2012-05-14 00:06:49.578+0000: Kernel version: Neo4j - Graph Database Kernel 1.7
2012-05-14 00:06:49.578+0000: Neo4j component versions:
2012-05-14 00:06:49.578+0000:   Neo4j - Graph Database Kernel 1.7
2012-05-14 00:06:49.578+0000: --- STARTUP diagnostics for KernelDiagnostics:Versions END ---
2012-05-14 00:06:49.583+0000: --- STARTUP diagnostics for NEO_STORE_VERSIONS START ---
2012-05-14 00:06:49.584+0000: Store versions:
    Store versions:
      NeoStore v0.A.0
      NodeStore v0.A.0
      RelationshipStore v0.A.0
      RelationshipTypeStore v0.A.0
      PropertyStore v0.A.0
      PropertyIndexStore v0.A.0
      StringPropertyStore v0.A.0
      ArrayPropertyStore v0.A.0
2012-05-14 00:06:49.584+0000: --- STARTUP diagnostics for NEO_STORE_VERSIONS END ---
2012-05-14 00:06:49.584+0000: --- STARTUP diagnostics for NEO_STORE_ID_USAGE START ---
2012-05-14 00:06:49.584+0000: Id usage:
    Id usage:
      NodeStore: used=1 high=0
      RelationshipStore: used=0 high=-1
      RelationshipTypeStore: used=0 high=-1
      PropertyStore: used=0 high=-1
      PropertyIndexStore: used=0 high=-1
      StringPropertyStore: used=1 high=0
      ArrayPropertyStore: used=1 high=0
2012-05-14 00:06:49.584+0000: --- STARTUP diagnostics for NEO_STORE_ID_USAGE END ---
2012-05-14 00:06:49.584+0000: --- STARTUP diagnostics for KernelDiagnostics:StoreFiles START ---
2012-05-14 00:06:49.585+0000: Storage files:
    active_tx_log: 11.00 B
    index:
      lucene-store.db: 40.00 B
      lucene.log.1: 16.00 B
      lucene.log.active: 4.00 B
    - Total: 60.00 B
    lock: 0.00 B
    messages.log: 13.71 kB
    neostore: 54.00 B
    neostore.id: 9.00 B
    neostore.nodestore.db: 9.00 B
    neostore.nodestore.db.id: 9.00 B
    neostore.propertystore.db: 0.00 B
    neostore.propertystore.db.arrays: 128.00 B
    neostore.propertystore.db.arrays.id: 9.00 B
    neostore.propertystore.db.id: 9.00 B
    neostore.propertystore.db.index: 0.00 B
    neostore.propertystore.db.index.id: 9.00 B
    neostore.propertystore.db.index.keys: 38.00 B
    neostore.propertystore.db.index.keys.id: 9.00 B
    neostore.propertystore.db.strings: 128.00 B
    neostore.propertystore.db.strings.id: 9.00 B
    neostore.relationshipstore.db: 0.00 B
    neostore.relationshipstore.db.id: 9.00 B
    neostore.relationshiptypestore.db: 0.00 B
    neostore.relationshiptypestore.db.id: 9.00 B
    neostore.relationshiptypestore.db.names: 38.00 B
    neostore.relationshiptypestore.db.names.id: 9.00 B
    nioneo_logical.log.1: 16.00 B
    nioneo_logical.log.active: 4.00 B
    tm_tx_log.1: 0.00 B
2012-05-14 00:06:49.587+0000: --- STARTUP diagnostics for KernelDiagnostics:StoreFiles END ---
2012-05-14 00:06:49.588+0000: Started - database is now available
2012-05-14 00:06:49.589+0000: GC Monitor started. 
2012-05-14 00:07:24.709+0000: Stopping - database is now unavailable
2012-05-14 00:07:24.713+0000: TM shutting down
2012-05-14 00:07:24.714+0000: Closed log /Users/mars/src/ruby/rails/Sigma/db/neo4j-development/index/lucene.log
2012-05-14 00:07:24.716+0000: Closed log /Users/mars/src/ruby/rails/Sigma/db/neo4j-development/nioneo_logical.log
2012-05-14 00:07:24.725+0000: GC Monitor stopped. 
2012-05-14 00:07:24.728+0000: NeoStore closed
2012-05-14 00:07:24.728+0000: --- SHUTDOWN diagnostics START ---
2012-05-14 00:07:24.728+0000: --- SHUTDOWN diagnostics END ---
2012-05-14 00:10:01.609+0000: WARNING! Deprecated configuration options used. See manual for details
2012-05-14 00:10:01.609+0000: enable_online_backup has been replaced with online_backup_enabled and online_backup_port
2012-05-14 00:10:01.716+0000: Opened [/Users/mars/src/ruby/rails/Sigma/db/neo4j-development/nioneo_logical.log.1] clean empty log, version=0, lastTxId=5
2012-05-14 00:10:01.724+0000: TM opening log: /Users/mars/src/ruby/rails/Sigma/db/neo4j-development/tm_tx_log.1
2012-05-14 00:10:01.755+0000: Opened [/Users/mars/src/ruby/rails/Sigma/db/neo4j-development/index/lucene.log.1] clean empty log, version=0, lastTxId=1
2012-05-14 00:10:01.758+0000: --- STARTUP diagnostics START ---
2012-05-14 00:10:01.759+0000: Neo4j Kernel properties:
    read_only=false
    neo4j.ext.udc.host=udc.neo4j.org
    logical_log=/Users/mars/src/ruby/rails/Sigma/db/neo4j-development/nioneo_logical.log
    min_node_cache_size=0
    intercept_committing_transactions=false
    node_auto_indexing=false
    remote_shell_name=shell
    cache_type=soft
    intercept_deserialized_transactions=false
    ha.db=NO
    use_adaptive_cache=YES
    lucene_searcher_cache_size=2147483647
    neo4j.ext.udc.interval=86400000
    use_memory_mapped_buffers=true
    ha.coordinators=localhost:2181,localhost:2182,localhost:2183
    timestamps=YES
    rebuild_idgenerators_fast=true
    neostore.propertystore.db.index.keys.mapped_memory=1M
    max_node_cache_size=1500
    neostore.propertystore.db.strings.mapped_memory=130M
    neostore.propertystore.db.arrays.mapped_memory=130M
    gcr_cache_min_log_interval=60s
    relationship_grab_size=100
    relationship_auto_indexing=false
    remote_shell_read_only=false
    lucene_writer_cache_size=2147483647
    storage_path=/Users/mars/src/ruby/rails/Sigma/db/neo4j-development
    node_cache_array_fraction=1.0
    allow_store_upgrade=false
    execution_guard_enabled=false
    relationship_cache_array_fraction=1.0
    migration_thread=NO
    remote_logging_host=127.0.0.1
    store_dir=/Users/mars/src/ruby/rails/Sigma/db/neo4j-development
    remote_logging_port=4560
    enable_rules=YES
    gc_monitor_threshold=200ms
    load_kernel_extensions=true
    array_block_size=120
    neostore.relationshipstore.db.mapped_memory=50M
    dump_configuration=false
    gc_monitor_wait_time=100ms
    neostore.nodestore.db.mapped_memory=25M
    neo4j.ext.udc.first_delay=600000
    remote_shell_enabled=true
    min_relationship_cache_size=0
    max_relationship_cache_size=3500
    neo4j.ext.udc.reg=unreg
    remote_shell_port=9332
    adaptive_cache_heap_ratio=0.77
    identity_map=YES
    adaptive_cache_manager_decrease_ratio=1.15
    ha.server_id=2
    neo_store=/Users/mars/src/ruby/rails/Sigma/db/neo4j-development/neostore
    adaptive_cache_worker_sleep_time=3000
    neostore.propertystore.db.index.mapped_memory=1M
    adaptive_cache_manager_increase_ratio=1.1
    backup_slave=false
    neostore.propertystore.db.mapped_memory=90M
    string_block_size=120
    grab_file_lock=true
    remote_logging_enabled=false
    ha.server=localhost:6002
    neo4j.ext.udc.enabled=true
2012-05-14 00:10:01.764+0000: Diagnostics providers:
    org.neo4j.kernel.configuration.Config
    org.neo4j.kernel.info.DiagnosticsManager
    SYSTEM_MEMORY
    JAVA_MEMORY
    OPERATING_SYSTEM
    JAVA_VIRTUAL_MACHINE
    CLASSPATH
    LIBRARY_PATH
    SYSTEM_PROPERTIES
2012-05-14 00:10:01.764+0000: System memory information:
    Total Physical memory: 8.00 GB
    Free Physical memory: 3.92 GB
    Committed virtual memory: 3.24 GB
    Total swap space: 256.00 MB
    Free swap space: 244.13 MB
2012-05-14 00:10:01.771+0000: JVM memory information:
    Free  memory: 37.75 MB
    Total memory: 81.06 MB
    Max   memory: 493.75 MB
    Garbage Collector: ParNew: [Par Eden Space, Par Survivor Space]
    Garbage Collector: ConcurrentMarkSweep: [Par Eden Space, Par Survivor Space, CMS Old Gen, CMS Perm Gen]
    Memory Pool: Code Cache (Non-heap memory): committed=3.38 MB, used=3.31 MB, max=48.00 MB, threshold=0.00 B
    Memory Pool: Par Eden Space (Heap memory): committed=16.63 MB, used=10.82 MB, max=50.00 MB, threshold=?
    Memory Pool: Par Survivor Space (Heap memory): committed=2.06 MB, used=1.96 MB, max=6.25 MB, threshold=?
    Memory Pool: CMS Old Gen (Heap memory): committed=62.38 MB, used=30.54 MB, max=437.50 MB, threshold=0.00 B
    Memory Pool: CMS Perm Gen (Non-heap memory): committed=37.06 MB, used=36.93 MB, max=82.00 MB, threshold=0.00 B
2012-05-14 00:10:01.776+0000: Operating system information:
    Operating System: Mac OS X; version: 10.7.3; arch: x86_64; cpus: 8
    Max number of file descriptors: 10240
    Number of open file descriptors: 77
    Process id: 20655@Michaels-MacBook-Pro.local
    Byte order: LITTLE_ENDIAN
2012-05-14 00:10:01.782+0000: JVM information:
    VM Name: Java HotSpot(TM) 64-Bit Server VM
    VM Vendor: Apple Inc.
    VM Version: 20.4-b02-402
    JIT compiler: HotSpot 64-Bit Tiered Compilers
    VM Arguments: [-Djdk.home=, -Djruby.home=/Users/mars/.rvm/rubies/jruby-1.6.5, -Djruby.script=jruby, -Djruby.shell=/bin/sh, -Djffi.boot.library.path=/Users/mars/.rvm/rubies/jruby-1.6.5/lib/native/Darwin, -Xmx500m, -Xss2048k, -Djruby.memory.max=500m, -Djruby.stack.max=2048k, -Xbootclasspath/a:/Users/mars/.rvm/rubies/jruby-1.6.5/lib/jruby.jar, -Dfile.encoding=UTF-8]
2012-05-14 00:10:01.783+0000: Java classpath:
     [bootstrap] /System/Library/Java/JavaVirtualMachines/1.6.0.jdk/Contents/Classes/charsets.jar
     [bootstrap] /System/Library/Frameworks/JavaVM.framework/Versions/A/Frameworks/JavaRuntimeSupport.framework/Versions/A/Resources/Java/JavaRuntimeSupport.jar
     [loader.3] file:/System/Library/Java/Extensions/dns_sd.jar
     [loader.0] file:/Users/mars/.rvm/gems/jruby-1.6.5/gems/neo4j-community-1.7.0-java/lib/neo4j-community/jars/neo4j-graph-algo-1.7.jar
     [loader.3] file:/System/Library/Java/Extensions/MRJToolkit.jar
     [loader.0] file:/Users/mars/.rvm/gems/jruby-1.6.5@global/gems/bouncy-castle-java-1.5.0146.1/lib/bcprov-jdk15-146.jar
     [loader.3] file:/System/Library/Java/Extensions/vecmath.jar
     [loader.3] file:/System/Library/Java/Extensions/libmlib_jai.jnilib
     [loader.0] file:/Users/mars/.rvm/gems/jruby-1.6.5/gems/therubyrhino-1.73.3/lib/rhino/rhino-1.7R3.jar
     [loader.3] file:/System/Library/Java/JavaVirtualMachines/1.6.0.jdk/Contents/Home/lib/ext/dnsns.jar
     [loader.0] file:/Users/mars/.rvm/gems/jruby-1.6.5/gems/neo4j-community-1.7.0-java/lib/neo4j-community/jars/neo4j-udc-1.7.jar
     [bootstrap] /System/Library/Java/JavaVirtualMachines/1.6.0.jdk/Contents/Classes/laf.jar
     [bootstrap] /Users/mars/.rvm/rubies/jruby-1.6.5/lib/jruby.jar
     [loader.0] file:/Users/mars/.rvm/gems/jruby-1.6.5/gems/neo4j-community-1.7.0-java/lib/neo4j-community/jars/org.apache.servicemix.bundles.jline-0.9.94_1.jar
     [loader.3] file:/System/Library/Java/Extensions/libJ3D.jnilib
     [loader.3] file:/System/Library/Java/Extensions/mlibwrapper_jai.jar
     [bootstrap] /System/Library/Java/JavaVirtualMachines/1.6.0.jdk/Contents/Classes/classes.jar
     [loader.3] file:/System/Library/Java/JavaVirtualMachines/1.6.0.jdk/Contents/Home/lib/ext/localedata.jar
     [loader.0] file:/Users/mars/.rvm/gems/jruby-1.6.5/gems/neo4j-community-1.7.0-java/lib/neo4j-community/jars/neo4j-graph-matching-1.7.jar
     [loader.0] file:/Users/mars/.rvm/gems/jruby-1.6.5/gems/neo4j-community-1.7.0-java/lib/neo4j-community/jars/scala-library-2.9.0-1.jar
     [loader.0] file:/Users/mars/.rvm/gems/jruby-1.6.5/gems/neo4j-community-1.7.0-java/lib/neo4j-community/jars/neo4j-lucene-index-1.7.jar
     [loader.0] file:/Users/mars/.rvm/gems/jruby-1.6.5/gems/neo4j-community-1.7.0-java/lib/neo4j-community/jars/neo4j-cypher-1.7.jar
     [loader.0] file:/Users/mars/.rvm/gems/jruby-1.6.5@global/gems/bouncy-castle-java-1.5.0146.1/lib/bcmail-jdk15-146.jar
     [loader.3] file:/System/Library/Java/Extensions/QTJava.zip
     [loader.0] file:/Users/mars/.rvm/gems/jruby-1.6.5@global/gems/jruby-openssl-0.7.6.1/lib/shared/jopenssl.jar
     [bootstrap] /System/Library/Java/JavaVirtualMachines/1.6.0.jdk/Contents/Classes/ui.jar
     [loader.3] file:/System/Library/Java/Extensions/libAppleScriptEngine.jnilib
     [loader.3] file:/System/Library/Java/Extensions/libJ3DAudio.jnilib
     [loader.3] file:/System/Library/Java/Extensions/j3daudio.jar
     [loader.3] file:/System/Library/Java/Extensions/libJ3DUtils.jnilib
     [loader.3] file:/System/Library/Java/Extensions/libQTJNative.jnilib
     [loader.0] file:/Users/mars/.rvm/gems/jruby-1.6.5/gems/neo4j-community-1.7.0-java/lib/neo4j-community/jars/neo4j-shell-1.7.jar
     [loader.0] file:/Users/mars/.rvm/gems/jruby-1.6.5/gems/neo4j-community-1.7.0-java/lib/neo4j-community/jars/lucene-core-3.5.0.jar
     [loader.3] file:/System/Library/Java/Extensions/j3dcore.jar
     [bootstrap] /System/Library/Java/JavaVirtualMachines/1.6.0.jdk/Contents/Classes/sunrsasign.jar
     [loader.3] file:/System/Library/Java/Extensions/j3dutils.jar
     [classpath + loader.2] file:/Users/mars/src/ruby/rails/Sigma/
     [loader.3] file:/System/Library/Java/Extensions/jai_core.jar
     [loader.0] file:/Users/mars/.rvm/gems/jruby-1.6.5/gems/json-1.7.3-java/lib/json/ext/parser.jar
     [loader.3] file:/System/Library/Java/Extensions/jai_codec.jar
     [loader.0] file:/Users/mars/.rvm/gems/jruby-1.6.5/gems/neo4j-community-1.7.0-java/lib/neo4j-community/jars/neo4j-jmx-1.7.jar
     [loader.3] file:/System/Library/Java/JavaVirtualMachines/1.6.0.jdk/Contents/Home/lib/ext/sunjce_provider.jar
     [loader.0] file:/Users/mars/.rvm/gems/jruby-1.6.5/gems/neo4j-community-1.7.0-java/lib/neo4j-community/jars/neo4j-kernel-1.7.jar
     [bootstrap] /System/Library/Java/JavaVirtualMachines/1.6.0.jdk/Contents/Home/lib/jce.jar
     [bootstrap] /System/Library/Java/JavaVirtualMachines/1.6.0.jdk/Contents/Classes/jsse.jar
     [loader.0] file:/Users/mars/.rvm/gems/jruby-1.6.5/gems/neo4j-community-1.7.0-java/lib/neo4j-community/jars/server-api-1.7.jar
     [loader.0] file:/Users/mars/.rvm/gems/jruby-1.6.5/gems/neo4j-community-1.7.0-java/lib/neo4j-community/jars/geronimo-jta_1.1_spec-1.1.1.jar
     [loader.3] file:/System/Library/Java/Extensions/AppleScriptEngine.jar
     [bootstrap] /System/Library/Java/JavaVirtualMachines/1.6.0.jdk/Contents/Classes/jsfd.jar
     [loader.3] file:/System/Library/Java/JavaVirtualMachines/1.6.0.jdk/Contents/Home/lib/ext/apple_provider.jar
     [loader.3] file:/System/Library/Java/JavaVirtualMachines/1.6.0.jdk/Contents/Home/lib/ext/sunpkcs11.jar
     [loader.0] file:/Users/mars/.rvm/gems/jruby-1.6.5/gems/json-1.7.3-java/lib/json/ext/generator.jar
2012-05-14 00:10:01.785+0000: Library path:
    /Users/mars/src/ruby/rails/Sigma
    /Library/Java/Extensions
    /System/Library/Java/Extensions
    /usr/lib/java
2012-05-14 00:10:01.785+0000: System.properties:
    jruby.home = /Users/mars/.rvm/rubies/jruby-1.6.5
    sun.boot.library.path = /System/Library/Java/JavaVirtualMachines/1.6.0.jdk/Contents/Libraries
    awt.nativeDoubleBuffering = true
    gopherProxySet = false
    mrj.build = 11D50d
    path.separator = :
    file.encoding.pkg = sun.io
    sun.java.launcher = SUN_STANDARD
    user.country = US
    sun.os.patch.level = unknown
    user.dir = /Users/mars/src/ruby/rails/Sigma
    jdk.home = 
    sun.jnu.encoding = MacRoman
    jruby.memory.max = 500m
    sun.management.compiler = HotSpot 64-Bit Tiered Compilers
    http.nonProxyHosts = local|*.local|169.254/16|*.169.254/16
    jffi.boot.library.path = /Users/mars/.rvm/rubies/jruby-1.6.5/lib/native/Darwin
    user.home = /Users/mars
    user.timezone = America/New_York
    file.encoding = UTF-8
    jruby.stack.max = 2048k
    jruby.script = jruby
    user.name = mars
    jruby.shell = /bin/sh
    sun.java.command = org/jruby/Main /Users/mars/.rvm/gems/jruby-1.6.5/bin/rails c
    sun.arch.data.model = 64
    user.language = en
    awt.toolkit = apple.awt.CToolkit
    file.separator = /
    sun.io.unicode.encoding = UnicodeLittle
    sun.cpu.endian = little
    mrj.version = 1070.1.6.0_29-402
    socksNonProxyHosts = local|*.local|169.254/16|*.169.254/16
    ftp.nonProxyHosts = local|*.local|169.254/16|*.169.254/16
    sun.cpu.isalist = 
2012-05-14 00:10:01.786+0000: --- STARTUP diagnostics END ---
2012-05-14 00:10:01.836+0000: Extension org.neo4j.kernel.KernelExtension[kernel jmx] loaded ok
2012-05-14 00:10:02.200+0000: Extension org.neo4j.kernel.KernelExtension[shell] loaded ok
2012-05-14 00:10:02.205+0000: Extension org.neo4j.kernel.KernelExtension[kernel udc] loaded ok
2012-05-14 00:10:02.207+0000: --- STARTUP diagnostics for KernelDiagnostics:Versions START ---
2012-05-14 00:10:02.207+0000: Graph Database: org.neo4j.kernel.EmbeddedGraphDatabase StoreId[time:1336954008710, id:-1782371332819035648, store version: 13561656364791302]
2012-05-14 00:10:02.207+0000: Kernel version: Neo4j - Graph Database Kernel 1.7
2012-05-14 00:10:02.207+0000: Neo4j component versions:
2012-05-14 00:10:02.208+0000:   Neo4j - Graph Database Kernel 1.7
2012-05-14 00:10:02.208+0000: --- STARTUP diagnostics for KernelDiagnostics:Versions END ---
2012-05-14 00:10:02.210+0000: --- STARTUP diagnostics for NEO_STORE_VERSIONS START ---
2012-05-14 00:10:02.210+0000: Store versions:
    Store versions:
      NeoStore v0.A.0
      NodeStore v0.A.0
      RelationshipStore v0.A.0
      RelationshipTypeStore v0.A.0
      PropertyStore v0.A.0
      PropertyIndexStore v0.A.0
      StringPropertyStore v0.A.0
      ArrayPropertyStore v0.A.0
2012-05-14 00:10:02.211+0000: --- STARTUP diagnostics for NEO_STORE_VERSIONS END ---
2012-05-14 00:10:02.211+0000: --- STARTUP diagnostics for NEO_STORE_ID_USAGE START ---
2012-05-14 00:10:02.211+0000: Id usage:
    Id usage:
      NodeStore: used=3 high=2
      RelationshipStore: used=2 high=1
      RelationshipTypeStore: used=2 high=1
      PropertyStore: used=2 high=1
      PropertyIndexStore: used=3 high=2
      StringPropertyStore: used=1 high=0
      ArrayPropertyStore: used=1 high=0
2012-05-14 00:10:02.211+0000: --- STARTUP diagnostics for NEO_STORE_ID_USAGE END ---
2012-05-14 00:10:02.211+0000: --- STARTUP diagnostics for KernelDiagnostics:StoreFiles START ---
2012-05-14 00:10:02.211+0000: Storage files:
    active_tx_log: 11.00 B
    index:
      lucene-store.db: 40.00 B
      lucene.log.1: 16.00 B
      lucene.log.active: 4.00 B
    - Total: 60.00 B
    lock: 0.00 B
    messages.log: 29.48 kB
    neostore: 54.00 B
    neostore.id: 9.00 B
    neostore.nodestore.db: 27.00 B
    neostore.nodestore.db.id: 9.00 B
    neostore.propertystore.db: 82.00 B
    neostore.propertystore.db.arrays: 128.00 B
    neostore.propertystore.db.arrays.id: 9.00 B
    neostore.propertystore.db.id: 9.00 B
    neostore.propertystore.db.index: 1.02 kB
    neostore.propertystore.db.index.id: 9.00 B
    neostore.propertystore.db.index.keys: 1.00 kB
    neostore.propertystore.db.index.keys.id: 9.00 B
    neostore.propertystore.db.strings: 128.00 B
    neostore.propertystore.db.strings.id: 9.00 B
    neostore.relationshipstore.db: 66.00 B
    neostore.relationshipstore.db.id: 9.00 B
    neostore.relationshiptypestore.db: 10.00 B
    neostore.relationshiptypestore.db.id: 9.00 B
    neostore.relationshiptypestore.db.names: 114.00 B
    neostore.relationshiptypestore.db.names.id: 9.00 B
    nioneo_logical.log.1: 16.00 B
    nioneo_logical.log.active: 4.00 B
    tm_tx_log.1: 0.00 B
2012-05-14 00:15:32.206+0000: WARNING! Deprecated configuration options used. See manual for details
2012-05-14 00:15:32.206+0000: enable_online_backup has been replaced with online_backup_enabled and online_backup_port
2012-05-14 00:15:32.355+0000: --- STARTUP diagnostics START ---
2012-05-14 00:15:32.357+0000: Neo4j Kernel properties:
    read_only=true
    neo4j.ext.udc.host=udc.neo4j.org
    logical_log=/Users/mars/src/ruby/rails/Sigma/db/neo4j-development/nioneo_logical.log
    min_node_cache_size=0
    intercept_committing_transactions=false
    node_auto_indexing=false
    remote_shell_name=shell
    cache_type=soft
    intercept_deserialized_transactions=false
    ha.db=NO
    use_adaptive_cache=YES
    lucene_searcher_cache_size=2147483647
    neo4j.ext.udc.interval=86400000
    use_memory_mapped_buffers=true
    ha.coordinators=localhost:2181,localhost:2182,localhost:2183
    timestamps=YES
    rebuild_idgenerators_fast=true
    neostore.propertystore.db.index.keys.mapped_memory=1M
    max_node_cache_size=1500
    neostore.propertystore.db.strings.mapped_memory=130M
    neostore.propertystore.db.arrays.mapped_memory=130M
    gcr_cache_min_log_interval=60s
    relationship_grab_size=100
    relationship_auto_indexing=false
    remote_shell_read_only=false
    lucene_writer_cache_size=2147483647
    storage_path=/Users/mars/src/ruby/rails/Sigma/db/neo4j-development
    node_cache_array_fraction=1.0
    allow_store_upgrade=false
    execution_guard_enabled=false
    relationship_cache_array_fraction=1.0
    migration_thread=NO
    remote_logging_host=127.0.0.1
    store_dir=/Users/mars/src/ruby/rails/Sigma/db/neo4j-development
    remote_logging_port=4560
    enable_rules=YES
    gc_monitor_threshold=200ms
    load_kernel_extensions=true
    array_block_size=120
    neostore.relationshipstore.db.mapped_memory=50M
    dump_configuration=false
    gc_monitor_wait_time=100ms
    neostore.nodestore.db.mapped_memory=25M
    neo4j.ext.udc.first_delay=600000
    remote_shell_enabled=true
    min_relationship_cache_size=0
    max_relationship_cache_size=3500
    neo4j.ext.udc.reg=unreg
    remote_shell_port=9332
    adaptive_cache_heap_ratio=0.77
    identity_map=YES
    adaptive_cache_manager_decrease_ratio=1.15
    ha.server_id=2
    neo_store=/Users/mars/src/ruby/rails/Sigma/db/neo4j-development/neostore
    adaptive_cache_worker_sleep_time=3000
    neostore.propertystore.db.index.mapped_memory=1M
    adaptive_cache_manager_increase_ratio=1.1
    backup_slave=false
    neostore.propertystore.db.mapped_memory=90M
    string_block_size=120
    grab_file_lock=true
    remote_logging_enabled=false
    ha.server=localhost:6002
    neo4j.ext.udc.enabled=true
2012-05-14 00:15:32.361+0000: Diagnostics providers:
    org.neo4j.kernel.configuration.Config
    org.neo4j.kernel.info.DiagnosticsManager
    SYSTEM_MEMORY
    JAVA_MEMORY
    OPERATING_SYSTEM
    JAVA_VIRTUAL_MACHINE
    CLASSPATH
    LIBRARY_PATH
    SYSTEM_PROPERTIES
2012-05-14 00:15:32.362+0000: System memory information:
    Total Physical memory: 8.00 GB
    Free Physical memory: 3.61 GB
    Committed virtual memory: 3.27 GB
    Total swap space: 256.00 MB
    Free swap space: 244.13 MB
2012-05-14 00:15:32.368+0000: JVM memory information:
    Free  memory: 34.62 MB
    Total memory: 97.23 MB
    Max   memory: 493.75 MB
    Garbage Collector: ParNew: [Par Eden Space, Par Survivor Space]
    Garbage Collector: ConcurrentMarkSweep: [Par Eden Space, Par Survivor Space, CMS Old Gen, CMS Perm Gen]
    Memory Pool: Code Cache (Non-heap memory): committed=4.38 MB, used=4.26 MB, max=48.00 MB, threshold=0.00 B
    Memory Pool: Par Eden Space (Heap memory): committed=16.63 MB, used=13.55 MB, max=50.00 MB, threshold=?
    Memory Pool: Par Survivor Space (Heap memory): committed=2.06 MB, used=1.94 MB, max=6.25 MB, threshold=?
    Memory Pool: CMS Old Gen (Heap memory): committed=78.54 MB, used=47.12 MB, max=437.50 MB, threshold=0.00 B
    Memory Pool: CMS Perm Gen (Non-heap memory): committed=66.29 MB, used=40.05 MB, max=82.00 MB, threshold=0.00 B
2012-05-14 00:15:32.372+0000: Operating system information:
    Operating System: Mac OS X; version: 10.7.3; arch: x86_64; cpus: 8
    Max number of file descriptors: 10240
    Number of open file descriptors: 75
    Process id: 21135@Michaels-MacBook-Pro.local
    Byte order: LITTLE_ENDIAN
2012-05-14 00:15:32.375+0000: JVM information:
    VM Name: Java HotSpot(TM) 64-Bit Server VM
    VM Vendor: Apple Inc.
    VM Version: 20.4-b02-402
    JIT compiler: HotSpot 64-Bit Tiered Compilers
    VM Arguments: [-Djdk.home=, -Djruby.home=/Users/mars/.rvm/rubies/jruby-1.6.5, -Djruby.script=jruby, -Djruby.shell=/bin/sh, -Djffi.boot.library.path=/Users/mars/.rvm/rubies/jruby-1.6.5/lib/native/Darwin, -Xmx500m, -Xss2048k, -Djruby.memory.max=500m, -Djruby.stack.max=2048k, -Xbootclasspath/a:/Users/mars/.rvm/rubies/jruby-1.6.5/lib/jruby.jar, -Dfile.encoding=UTF-8]
2012-05-14 00:15:32.376+0000: Java classpath:
     [bootstrap] /System/Library/Java/JavaVirtualMachines/1.6.0.jdk/Contents/Classes/charsets.jar
     [bootstrap] /System/Library/Frameworks/JavaVM.framework/Versions/A/Frameworks/JavaRuntimeSupport.framework/Versions/A/Resources/Java/JavaRuntimeSupport.jar
     [loader.3] file:/System/Library/Java/Extensions/dns_sd.jar
     [loader.0] file:/Users/mars/.rvm/gems/jruby-1.6.5/gems/neo4j-community-1.7.0-java/lib/neo4j-community/jars/neo4j-graph-algo-1.7.jar
     [loader.3] file:/System/Library/Java/Extensions/MRJToolkit.jar
     [loader.0] file:/Users/mars/.rvm/gems/jruby-1.6.5@global/gems/bouncy-castle-java-1.5.0146.1/lib/bcprov-jdk15-146.jar
     [loader.3] file:/System/Library/Java/Extensions/vecmath.jar
     [loader.3] file:/System/Library/Java/Extensions/libmlib_jai.jnilib
     [loader.0] file:/Users/mars/.rvm/gems/jruby-1.6.5/gems/therubyrhino-1.73.3/lib/rhino/rhino-1.7R3.jar
     [loader.3] file:/System/Library/Java/JavaVirtualMachines/1.6.0.jdk/Contents/Home/lib/ext/dnsns.jar
     [loader.0] file:/Users/mars/.rvm/gems/jruby-1.6.5/gems/neo4j-community-1.7.0-java/lib/neo4j-community/jars/neo4j-udc-1.7.jar
     [bootstrap] /System/Library/Java/JavaVirtualMachines/1.6.0.jdk/Contents/Classes/laf.jar
     [bootstrap] /Users/mars/.rvm/rubies/jruby-1.6.5/lib/jruby.jar
     [loader.0] file:/Users/mars/.rvm/gems/jruby-1.6.5/gems/neo4j-community-1.7.0-java/lib/neo4j-community/jars/org.apache.servicemix.bundles.jline-0.9.94_1.jar
     [loader.3] file:/System/Library/Java/Extensions/libJ3D.jnilib
     [loader.3] file:/System/Library/Java/Extensions/mlibwrapper_jai.jar
     [bootstrap] /System/Library/Java/JavaVirtualMachines/1.6.0.jdk/Contents/Classes/classes.jar
     [loader.3] file:/System/Library/Java/JavaVirtualMachines/1.6.0.jdk/Contents/Home/lib/ext/localedata.jar
     [loader.0] file:/Users/mars/.rvm/gems/jruby-1.6.5/gems/neo4j-community-1.7.0-java/lib/neo4j-community/jars/neo4j-graph-matching-1.7.jar
     [loader.0] file:/Users/mars/.rvm/gems/jruby-1.6.5/gems/neo4j-community-1.7.0-java/lib/neo4j-community/jars/scala-library-2.9.0-1.jar
     [loader.0] file:/Users/mars/.rvm/gems/jruby-1.6.5/gems/neo4j-community-1.7.0-java/lib/neo4j-community/jars/neo4j-lucene-index-1.7.jar
     [loader.0] file:/Users/mars/.rvm/gems/jruby-1.6.5/gems/neo4j-community-1.7.0-java/lib/neo4j-community/jars/neo4j-cypher-1.7.jar
     [loader.0] file:/Users/mars/.rvm/gems/jruby-1.6.5@global/gems/bouncy-castle-java-1.5.0146.1/lib/bcmail-jdk15-146.jar
     [loader.3] file:/System/Library/Java/Extensions/QTJava.zip
     [loader.0] file:/Users/mars/.rvm/gems/jruby-1.6.5@global/gems/jruby-openssl-0.7.6.1/lib/shared/jopenssl.jar
     [bootstrap] /System/Library/Java/JavaVirtualMachines/1.6.0.jdk/Contents/Classes/ui.jar
     [loader.3] file:/System/Library/Java/Extensions/libAppleScriptEngine.jnilib
     [loader.3] file:/System/Library/Java/Extensions/libJ3DAudio.jnilib
     [loader.3] file:/System/Library/Java/Extensions/j3daudio.jar
     [loader.3] file:/System/Library/Java/Extensions/libJ3DUtils.jnilib
     [loader.3] file:/System/Library/Java/Extensions/libQTJNative.jnilib
     [loader.0] file:/Users/mars/.rvm/gems/jruby-1.6.5/gems/neo4j-community-1.7.0-java/lib/neo4j-community/jars/neo4j-shell-1.7.jar
     [loader.0] file:/Users/mars/.rvm/gems/jruby-1.6.5/gems/neo4j-community-1.7.0-java/lib/neo4j-community/jars/lucene-core-3.5.0.jar
     [loader.3] file:/System/Library/Java/Extensions/j3dcore.jar
     [bootstrap] /System/Library/Java/JavaVirtualMachines/1.6.0.jdk/Contents/Classes/sunrsasign.jar
     [loader.3] file:/System/Library/Java/Extensions/j3dutils.jar
     [classpath + loader.2] file:/Users/mars/src/ruby/rails/Sigma/
     [loader.3] file:/System/Library/Java/Extensions/jai_core.jar
     [loader.0] file:/Users/mars/.rvm/gems/jruby-1.6.5/gems/json-1.7.3-java/lib/json/ext/parser.jar
     [loader.3] file:/System/Library/Java/Extensions/jai_codec.jar
     [loader.0] file:/Users/mars/.rvm/gems/jruby-1.6.5/gems/neo4j-community-1.7.0-java/lib/neo4j-community/jars/neo4j-jmx-1.7.jar
     [loader.3] file:/System/Library/Java/JavaVirtualMachines/1.6.0.jdk/Contents/Home/lib/ext/sunjce_provider.jar
     [loader.0] file:/Users/mars/.rvm/gems/jruby-1.6.5/gems/neo4j-community-1.7.0-java/lib/neo4j-community/jars/neo4j-kernel-1.7.jar
     [bootstrap] /System/Library/Java/JavaVirtualMachines/1.6.0.jdk/Contents/Home/lib/jce.jar
     [bootstrap] /System/Library/Java/JavaVirtualMachines/1.6.0.jdk/Contents/Classes/jsse.jar
     [loader.0] file:/Users/mars/.rvm/gems/jruby-1.6.5/gems/neo4j-community-1.7.0-java/lib/neo4j-community/jars/server-api-1.7.jar
     [loader.0] file:/Users/mars/.rvm/gems/jruby-1.6.5/gems/neo4j-community-1.7.0-java/lib/neo4j-community/jars/geronimo-jta_1.1_spec-1.1.1.jar
     [loader.3] file:/System/Library/Java/Extensions/AppleScriptEngine.jar
     [bootstrap] /System/Library/Java/JavaVirtualMachines/1.6.0.jdk/Contents/Classes/jsfd.jar
     [loader.3] file:/System/Library/Java/JavaVirtualMachines/1.6.0.jdk/Contents/Home/lib/ext/apple_provider.jar
     [loader.3] file:/System/Library/Java/JavaVirtualMachines/1.6.0.jdk/Contents/Home/lib/ext/sunpkcs11.jar
     [loader.0] file:/Users/mars/.rvm/gems/jruby-1.6.5/gems/json-1.7.3-java/lib/json/ext/generator.jar
2012-05-14 00:15:32.378+0000: Library path:
    /Users/mars/src/ruby/rails/Sigma
    /Library/Java/Extensions
    /System/Library/Java/Extensions
    /usr/lib/java
2012-05-14 00:15:32.378+0000: System.properties:
    jruby.home = /Users/mars/.rvm/rubies/jruby-1.6.5
    sun.boot.library.path = /System/Library/Java/JavaVirtualMachines/1.6.0.jdk/Contents/Libraries
    awt.nativeDoubleBuffering = true
    gopherProxySet = false
    mrj.build = 11D50d
    path.separator = :
    file.encoding.pkg = sun.io
    sun.java.launcher = SUN_STANDARD
    user.country = US
    sun.os.patch.level = unknown
    user.dir = /Users/mars/src/ruby/rails/Sigma
    jdk.home = 
    sun.jnu.encoding = MacRoman
    jruby.memory.max = 500m
    sun.management.compiler = HotSpot 64-Bit Tiered Compilers
    http.nonProxyHosts = local|*.local|169.254/16|*.169.254/16
    jffi.boot.library.path = /Users/mars/.rvm/rubies/jruby-1.6.5/lib/native/Darwin
    user.home = /Users/mars
    user.timezone = America/New_York
    file.encoding = UTF-8
    jruby.stack.max = 2048k
    jruby.script = jruby
    user.name = mars
    jruby.shell = /bin/sh
    sun.java.command = org/jruby/Main /Users/mars/.rvm/gems/jruby-1.6.5/bin/rails s
    sun.arch.data.model = 64
    user.language = en
    awt.toolkit = apple.awt.CToolkit
    file.separator = /
    sun.io.unicode.encoding = UnicodeLittle
    sun.cpu.endian = little
    mrj.version = 1070.1.6.0_29-402
    socksNonProxyHosts = local|*.local|169.254/16|*.169.254/16
    ftp.nonProxyHosts = local|*.local|169.254/16|*.169.254/16
    sun.cpu.isalist = 
2012-05-14 00:15:32.378+0000: --- STARTUP diagnostics END ---
2012-05-14 00:15:32.435+0000: Extension org.neo4j.kernel.KernelExtension[kernel jmx] loaded ok
2012-05-14 00:16:32.544+0000: Failed to load extension org.neo4j.kernel.KernelExtension[shell] Could not load remote shell
java.lang.RuntimeException: Could not load remote shell
	at org.neo4j.shell.impl.ShellServerExtension.loadShell(ShellServerExtension.java:72)
	at org.neo4j.shell.impl.ShellServerExtension.load(ShellServerExtension.java:49)
	at org.neo4j.shell.impl.ShellServerExtension.load(ShellServerExtension.java:30)
	at org.neo4j.kernel.KernelData.loadExtensions(KernelData.java:146)
	at org.neo4j.kernel.AbstractGraphDatabase$DefaultKernelExtensionLoader.start(AbstractGraphDatabase.java:1159)
	at org.neo4j.kernel.lifecycle.LifeSupport$LifecycleInstance.start(LifeSupport.java:402)
	at org.neo4j.kernel.lifecycle.LifeSupport.start(LifeSupport.java:125)
	at org.neo4j.kernel.AbstractGraphDatabase.run(AbstractGraphDatabase.java:224)
	at org.neo4j.kernel.EmbeddedReadOnlyGraphDatabase.<init>(EmbeddedReadOnlyGraphDatabase.java:81)
	at org.neo4j.kernel.EmbeddedReadOnlyGraphDatabase.<init>(EmbeddedReadOnlyGraphDatabase.java:72)
	at sun.reflect.NativeConstructorAccessorImpl.newInstance0(Native Method)
	at sun.reflect.NativeConstructorAccessorImpl.newInstance(NativeConstructorAccessorImpl.java:39)
	at sun.reflect.DelegatingConstructorAccessorImpl.newInstance(DelegatingConstructorAccessorImpl.java:27)
	at java.lang.reflect.Constructor.newInstance(Constructor.java:513)
	at org.jruby.javasupport.JavaConstructor.newInstanceDirect(JavaConstructor.java:291)
	at org.jruby.java.invokers.ConstructorInvoker.call(ConstructorInvoker.java:104)
	at org.jruby.java.invokers.ConstructorInvoker.call(ConstructorInvoker.java:197)
	at org.jruby.runtime.callsite.CachingCallSite.cacheAndCall(CachingCallSite.java:342)
	at org.jruby.runtime.callsite.CachingCallSite.callBlock(CachingCallSite.java:212)
	at org.jruby.runtime.callsite.CachingCallSite.call(CachingCallSite.java:216)
	at org.jruby.java.proxies.ConcreteJavaProxy$2.call(ConcreteJavaProxy.java:51)
	at org.jruby.runtime.callsite.CachingCallSite.cacheAndCall(CachingCallSite.java:342)
	at org.jruby.runtime.callsite.CachingCallSite.callBlock(CachingCallSite.java:212)
	at org.jruby.runtime.callsite.CachingCallSite.call(CachingCallSite.java:216)
	at org.jruby.RubyClass.newInstance(RubyClass.java:820)
	at org.jruby.RubyClass$i$newInstance.call(RubyClass$i$newInstance.gen:65535)
	at org.jruby.internal.runtime.methods.JavaMethod$JavaMethodZeroOrOneOrTwoOrNBlock.call(JavaMethod.java:283)
	at org.jruby.java.proxies.ConcreteJavaProxy$3.call(ConcreteJavaProxy.java:150)
	at org.jruby.runtime.callsite.CachingCallSite.cacheAndCall(CachingCallSite.java:332)
	at org.jruby.runtime.callsite.CachingCallSite.call(CachingCallSite.java:203)
	at org.jruby.ast.CallTwoArgNode.interpret(CallTwoArgNode.java:59)
	at org.jruby.ast.InstAsgnNode.interpret(InstAsgnNode.java:95)
	at org.jruby.ast.NewlineNode.interpret(NewlineNode.java:104)
	at org.jruby.ast.BlockNode.interpret(BlockNode.java:71)
	at org.jruby.evaluator.ASTInterpreter.INTERPRET_METHOD(ASTInterpreter.java:75)
	at org.jruby.internal.runtime.methods.InterpretedMethod.call(InterpretedMethod.java:147)
	at org.jruby.internal.runtime.methods.DefaultMethod.call(DefaultMethod.java:163)
	at org.jruby.runtime.callsite.CachingCallSite.cacheAndCall(CachingCallSite.java:292)
	at org.jruby.runtime.callsite.CachingCallSite.call(CachingCallSite.java:135)
	at org.jruby.ast.VCallNode.interpret(VCallNode.java:86)
	at org.jruby.ast.NewlineNode.interpret(NewlineNode.java:104)
	at org.jruby.ast.IfNode.interpret(IfNode.java:117)
	at org.jruby.ast.NewlineNode.interpret(NewlineNode.java:104)
	at org.jruby.ast.RescueNode.executeBody(RescueNode.java:216)
	at org.jruby.ast.RescueNode.interpretWithJavaExceptions(RescueNode.java:120)
	at org.jruby.ast.RescueNode.interpret(RescueNode.java:110)
	at org.jruby.ast.BeginNode.interpret(BeginNode.java:83)
	at org.jruby.ast.NewlineNode.interpret(NewlineNode.java:104)
	at org.jruby.ast.BlockNode.interpret(BlockNode.java:71)
	at org.jruby.evaluator.ASTInterpreter.INTERPRET_METHOD(ASTInterpreter.java:75)
	at org.jruby.internal.runtime.methods.InterpretedMethod.call(InterpretedMethod.java:147)
	at org.jruby.internal.runtime.methods.DefaultMethod.call(DefaultMethod.java:163)
	at org.jruby.runtime.callsite.CachingCallSite.cacheAndCall(CachingCallSite.java:292)
	at org.jruby.runtime.callsite.CachingCallSite.call(CachingCallSite.java:135)
	at org.jruby.ast.CallNoArgNode.interpret(CallNoArgNode.java:63)
	at org.jruby.ast.NewlineNode.interpret(NewlineNode.java:104)
	at org.jruby.ast.IfNode.interpret(IfNode.java:119)
	at org.jruby.ast.NewlineNode.interpret(NewlineNode.java:104)
	at org.jruby.ast.BlockNode.interpret(BlockNode.java:71)
	at org.jruby.evaluator.ASTInterpreter.INTERPRET_METHOD(ASTInterpreter.java:75)
	at org.jruby.internal.runtime.methods.InterpretedMethod.call(InterpretedMethod.java:147)
	at org.jruby.internal.runtime.methods.DefaultMethod.call(DefaultMethod.java:163)
	at org.jruby.runtime.callsite.CachingCallSite.cacheAndCall(CachingCallSite.java:292)
	at org.jruby.runtime.callsite.CachingCallSite.call(CachingCallSite.java:135)
	at org.jruby.ast.VCallNode.interpret(VCallNode.java:86)
	at org.jruby.ast.IfNode.interpret(IfNode.java:119)
	at org.jruby.ast.NewlineNode.interpret(NewlineNode.java:104)
	at org.jruby.ast.BlockNode.interpret(BlockNode.java:71)
	at org.jruby.evaluator.ASTInterpreter.INTERPRET_METHOD(ASTInterpreter.java:75)
	at org.jruby.internal.runtime.methods.InterpretedMethod.call(InterpretedMethod.java:147)
	at org.jruby.internal.runtime.methods.DefaultMethod.call(DefaultMethod.java:163)
	at org.jruby.runtime.callsite.CachingCallSite.cacheAndCall(CachingCallSite.java:292)
	at org.jruby.runtime.callsite.CachingCallSite.call(CachingCallSite.java:135)
	at org.jruby.ast.CallNoArgNode.interpret(CallNoArgNode.java:63)
	at org.jruby.ast.LocalAsgnNode.interpret(LocalAsgnNode.java:123)
	at org.jruby.ast.ArgsNode.assignOptArgs(ArgsNode.java:438)
	at org.jruby.ast.ArgsNode.prepareOptionalArguments(ArgsNode.java:412)
	at org.jruby.ast.ArgsNode.prepareOptOrRestArgs(ArgsNode.java:408)
	at org.jruby.ast.ArgsNode.prepare(ArgsNode.java:250)
	at org.jruby.ast.ArgsNode.prepare(ArgsNode.java:295)
	at org.jruby.internal.runtime.methods.InterpretedMethod.call(InterpretedMethod.java:145)
	at org.jruby.internal.runtime.methods.DefaultMethod.call(DefaultMethod.java:163)
	at org.jruby.runtime.callsite.CachingCallSite.cacheAndCall(CachingCallSite.java:292)
	at org.jruby.runtime.callsite.CachingCallSite.call(CachingCallSite.java:135)
	at org.jruby.ast.CallNoArgNode.interpret(CallNoArgNode.java:63)
	at org.jruby.ast.AttrAssignOneArgNode.interpret(AttrAssignOneArgNode.java:33)
	at org.jruby.ast.NewlineNode.interpret(NewlineNode.java:104)
	at org.jruby.ast.BlockNode.interpret(BlockNode.java:71)
	at org.jruby.ast.EnsureNode.interpret(EnsureNode.java:98)
	at org.jruby.evaluator.ASTInterpreter.INTERPRET_METHOD(ASTInterpreter.java:75)
	at org.jruby.internal.runtime.methods.InterpretedMethod.call(InterpretedMethod.java:190)
	at org.jruby.internal.runtime.methods.DefaultMethod.call(DefaultMethod.java:179)
	at org.jruby.runtime.callsite.CachingCallSite.cacheAndCall(CachingCallSite.java:312)
	at org.jruby.runtime.callsite.CachingCallSite.call(CachingCallSite.java:169)
	at org.jruby.ast.CallOneArgNode.interpret(CallOneArgNode.java:57)
	at org.jruby.ast.ToAryNode.interpret(ToAryNode.java:69)
	at org.jruby.ast.MultipleAsgnNode.interpret(MultipleAsgnNode.java:127)
	at org.jruby.ast.NewlineNode.interpret(NewlineNode.java:104)
	at org.jruby.ast.BlockNode.interpret(BlockNode.java:71)
	at org.jruby.evaluator.ASTInterpreter.INTERPRET_METHOD(ASTInterpreter.java:75)
	at org.jruby.internal.runtime.methods.InterpretedMethod.call(InterpretedMethod.java:190)
	at org.jruby.internal.runtime.methods.DefaultMethod.call(DefaultMethod.java:179)
	at org.jruby.runtime.callsite.CachingCallSite.cacheAndCall(CachingCallSite.java:312)
	at org.jruby.runtime.callsite.CachingCallSite.call(CachingCallSite.java:169)
	at org.jruby.ast.CallOneArgNode.interpret(CallOneArgNode.java:57)
	at org.jruby.ast.ToAryNode.interpret(ToAryNode.java:69)
	at org.jruby.ast.MultipleAsgnNode.interpret(MultipleAsgnNode.java:127)
	at org.jruby.ast.NewlineNode.interpret(NewlineNode.java:104)
	at org.jruby.ast.BlockNode.interpret(BlockNode.java:71)
	at org.jruby.evaluator.ASTInterpreter.INTERPRET_METHOD(ASTInterpreter.java:75)
	at org.jruby.internal.runtime.methods.InterpretedMethod.call(InterpretedMethod.java:190)
	at org.jruby.internal.runtime.methods.DefaultMethod.call(DefaultMethod.java:179)
	at org.jruby.runtime.callsite.CachingCallSite.cacheAndCall(CachingCallSite.java:312)
	at org.jruby.runtime.callsite.CachingCallSite.call(CachingCallSite.java:169)
	at org.jruby.ast.CallOneArgNode.interpret(CallOneArgNode.java:57)
	at org.jruby.ast.ToAryNode.interpret(ToAryNode.java:69)
	at org.jruby.ast.MultipleAsgnNode.interpret(MultipleAsgnNode.java:127)
	at org.jruby.ast.NewlineNode.interpret(NewlineNode.java:104)
	at org.jruby.ast.BlockNode.interpret(BlockNode.java:71)
	at org.jruby.ast.WhenOneArgNode.whenSlowTest(WhenOneArgNode.java:36)
	at org.jruby.ast.WhenOneArgNode.when(WhenOneArgNode.java:46)
	at org.jruby.ast.CaseNode.interpret(CaseNode.java:133)
	at org.jruby.ast.NewlineNode.interpret(NewlineNode.java:104)
	at org.jruby.evaluator.ASTInterpreter.INTERPRET_METHOD(ASTInterpreter.java:75)
	at org.jruby.internal.runtime.methods.InterpretedMethod.call(InterpretedMethod.java:190)
	at org.jruby.internal.runtime.methods.DefaultMethod.call(DefaultMethod.java:179)
	at org.jruby.runtime.callsite.CachingCallSite.cacheAndCall(CachingCallSite.java:312)
	at org.jruby.runtime.callsite.CachingCallSite.call(CachingCallSite.java:169)
	at org.jruby.ast.CallOneArgNode.interpret(CallOneArgNode.java:57)
	at org.jruby.ast.NewlineNode.interpret(NewlineNode.java:104)
	at org.jruby.ast.IfNode.interpret(IfNode.java:119)
	at org.jruby.ast.NewlineNode.interpret(NewlineNode.java:104)
	at org.jruby.evaluator.ASTInterpreter.INTERPRET_METHOD(ASTInterpreter.java:75)
	at org.jruby.internal.runtime.methods.InterpretedMethod.call(InterpretedMethod.java:190)
	at org.jruby.internal.runtime.methods.DefaultMethod.call(DefaultMethod.java:179)
	at org.jruby.runtime.callsite.CachingCallSite.cacheAndCall(CachingCallSite.java:312)
	at org.jruby.runtime.callsite.CachingCallSite.call(CachingCallSite.java:169)
	at org.jruby.ast.CallOneArgNode.interpret(CallOneArgNode.java:57)
	at org.jruby.ast.NewlineNode.interpret(NewlineNode.java:104)
	at org.jruby.ast.BlockNode.interpret(BlockNode.java:71)
	at org.jruby.evaluator.ASTInterpreter.INTERPRET_METHOD(ASTInterpreter.java:75)
	at org.jruby.internal.runtime.methods.InterpretedMethod.call(InterpretedMethod.java:190)
	at org.jruby.internal.runtime.methods.DefaultMethod.call(DefaultMethod.java:179)
	at org.jruby.runtime.callsite.CachingCallSite.cacheAndCall(CachingCallSite.java:312)
	at org.jruby.runtime.callsite.CachingCallSite.call(CachingCallSite.java:169)
	at org.jruby.ast.CallOneArgNode.interpret(CallOneArgNode.java:57)
	at org.jruby.ast.NewlineNode.interpret(NewlineNode.java:104)
	at org.jruby.ast.BlockNode.interpret(BlockNode.java:71)
	at org.jruby.ast.EnsureNode.interpret(EnsureNode.java:96)
	at org.jruby.evaluator.ASTInterpreter.INTERPRET_METHOD(ASTInterpreter.java:75)
	at org.jruby.internal.runtime.methods.InterpretedMethod.call(InterpretedMethod.java:190)
	at org.jruby.internal.runtime.methods.DefaultMethod.call(DefaultMethod.java:179)
	at org.jruby.runtime.callsite.CachingCallSite.cacheAndCall(CachingCallSite.java:312)
	at org.jruby.runtime.callsite.CachingCallSite.call(CachingCallSite.java:169)
	at org.jruby.ast.CallOneArgNode.interpret(CallOneArgNode.java:57)
	at org.jruby.ast.ToAryNode.interpret(ToAryNode.java:69)
	at org.jruby.ast.MultipleAsgnNode.interpret(MultipleAsgnNode.java:127)
	at org.jruby.ast.NewlineNode.interpret(NewlineNode.java:104)
	at org.jruby.ast.BlockNode.interpret(BlockNode.java:71)
	at org.jruby.evaluator.ASTInterpreter.INTERPRET_METHOD(ASTInterpreter.java:75)
	at org.jruby.internal.runtime.methods.InterpretedMethod.call(InterpretedMethod.java:190)
	at org.jruby.internal.runtime.methods.DefaultMethod.call(DefaultMethod.java:179)
	at org.jruby.runtime.callsite.CachingCallSite.cacheAndCall(CachingCallSite.java:312)
	at org.jruby.runtime.callsite.CachingCallSite.call(CachingCallSite.java:169)
	at org.jruby.ast.FCallOneArgNode.interpret(FCallOneArgNode.java:36)
	at org.jruby.ast.NewlineNode.interpret(NewlineNode.java:104)
	at org.jruby.evaluator.ASTInterpreter.INTERPRET_METHOD(ASTInterpreter.java:75)
	at org.jruby.internal.runtime.methods.InterpretedMethod.call(InterpretedMethod.java:190)
	at org.jruby.internal.runtime.methods.DefaultMethod.call(DefaultMethod.java:179)
	at org.jruby.runtime.callsite.CachingCallSite.cacheAndCall(CachingCallSite.java:312)
	at org.jruby.runtime.callsite.CachingCallSite.call(CachingCallSite.java:169)
	at org.jruby.ast.CallOneArgNode.interpret(CallOneArgNode.java:57)
	at org.jruby.ast.ToAryNode.interpret(ToAryNode.java:69)
	at org.jruby.ast.MultipleAsgnNode.interpret(MultipleAsgnNode.java:127)
	at org.jruby.ast.NewlineNode.interpret(NewlineNode.java:104)
	at org.jruby.ast.BlockNode.interpret(BlockNode.java:71)
	at org.jruby.evaluator.ASTInterpreter.INTERPRET_METHOD(ASTInterpreter.java:75)
	at org.jruby.internal.runtime.methods.InterpretedMethod.call(InterpretedMethod.java:190)
	at org.jruby.internal.runtime.methods.DefaultMethod.call(DefaultMethod.java:179)
	at org.jruby.runtime.callsite.CachingCallSite.cacheAndCall(CachingCallSite.java:312)
	at org.jruby.runtime.callsite.CachingCallSite.call(CachingCallSite.java:169)
	at org.jruby.ast.CallOneArgNode.interpret(CallOneArgNode.java:57)
	at org.jruby.ast.NewlineNode.interpret(NewlineNode.java:104)
	at org.jruby.evaluator.ASTInterpreter.INTERPRET_BLOCK(ASTInterpreter.java:112)
	at org.jruby.runtime.InterpretedBlock.evalBlockBody(InterpretedBlock.java:374)
	at org.jruby.runtime.InterpretedBlock.yield(InterpretedBlock.java:295)
	at org.jruby.runtime.InterpretedBlock.yieldSpecific(InterpretedBlock.java:229)
	at org.jruby.runtime.Block.yieldSpecific(Block.java:99)
	at org.jruby.ast.ZYieldNode.interpret(ZYieldNode.java:25)
	at org.jruby.ast.LocalAsgnNode.interpret(LocalAsgnNode.java:123)
	at org.jruby.ast.IfNode.interpret(IfNode.java:117)
	at org.jruby.ast.NewlineNode.interpret(NewlineNode.java:104)
	at org.jruby.ast.RescueNode.executeBody(RescueNode.java:216)
	at org.jruby.ast.RescueNode.interpretWithJavaExceptions(RescueNode.java:120)
	at org.jruby.ast.RescueNode.interpret(RescueNode.java:110)
	at org.jruby.ast.BeginNode.interpret(BeginNode.java:83)
	at org.jruby.ast.NewlineNode.interpret(NewlineNode.java:104)
	at org.jruby.ast.BlockNode.interpret(BlockNode.java:71)
	at org.jruby.evaluator.ASTInterpreter.INTERPRET_METHOD(ASTInterpreter.java:75)
	at org.jruby.internal.runtime.methods.InterpretedMethod.call(InterpretedMethod.java:169)
	at org.jruby.internal.runtime.methods.DefaultMethod.call(DefaultMethod.java:171)
	at org.jruby.RubyClass.finvoke(RubyClass.java:536)
	at org.jruby.RubyBasicObject.send(RubyBasicObject.java:2767)
	at org.jruby.RubyKernel.send(RubyKernel.java:2093)
	at org.jruby.RubyKernel$s$send.call(RubyKernel$s$send.gen:65535)
	at org.jruby.runtime.callsite.CachingCallSite.cacheAndCall(CachingCallSite.java:322)
	at org.jruby.runtime.callsite.CachingCallSite.callBlock(CachingCallSite.java:178)
	at org.jruby.runtime.callsite.CachingCallSite.call(CachingCallSite.java:182)
	at org.jruby.ast.CallOneArgBlockPassNode.interpret(CallOneArgBlockPassNode.java:60)
	at org.jruby.ast.NewlineNode.interpret(NewlineNode.java:104)
	at org.jruby.ast.BlockNode.interpret(BlockNode.java:71)
	at org.jruby.evaluator.ASTInterpreter.INTERPRET_METHOD(ASTInterpreter.java:75)
	at org.jruby.internal.runtime.methods.InterpretedMethod.call(InterpretedMethod.java:298)
	at org.jruby.internal.runtime.methods.DefaultMethod.call(DefaultMethod.java:219)
	at org.jruby.runtime.callsite.CachingCallSite.cacheAndCall(CachingCallSite.java:362)
	at org.jruby.runtime.callsite.CachingCallSite.callBlock(CachingCallSite.java:246)
	at org.jruby.runtime.callsite.CachingCallSite.call(CachingCallSite.java:250)
	at org.jruby.ast.CallThreeArgBlockPassNode.interpret(CallThreeArgBlockPassNode.java:64)
	at org.jruby.ast.NewlineNode.interpret(NewlineNode.java:104)
	at org.jruby.evaluator.ASTInterpreter.INTERPRET_METHOD(ASTInterpreter.java:75)
	at org.jruby.internal.runtime.methods.InterpretedMethod.call(InterpretedMethod.java:169)
	at org.jruby.internal.runtime.methods.DefaultMethod.call(DefaultMethod.java:171)
	at org.jruby.RubyClass.finvoke(RubyClass.java:536)
	at org.jruby.RubyBasicObject.send(RubyBasicObject.java:2767)
	at org.jruby.RubyKernel.send(RubyKernel.java:2093)
	at org.jruby.RubyKernel$s$send.call(RubyKernel$s$send.gen:65535)
	at org.jruby.runtime.callsite.CachingCallSite.cacheAndCall(CachingCallSite.java:322)
	at org.jruby.runtime.callsite.CachingCallSite.callBlock(CachingCallSite.java:178)
	at org.jruby.runtime.callsite.CachingCallSite.call(CachingCallSite.java:182)
	at org.jruby.ast.FCallSpecialArgBlockPassNode.interpret(FCallSpecialArgBlockPassNode.java:38)
	at org.jruby.ast.NewlineNode.interpret(NewlineNode.java:104)
	at org.jruby.evaluator.ASTInterpreter.INTERPRET_METHOD(ASTInterpreter.java:75)
	at org.jruby.internal.runtime.methods.InterpretedMethod.call(InterpretedMethod.java:212)
	at org.jruby.internal.runtime.methods.DefaultMethod.call(DefaultMethod.java:187)
	at org.jruby.runtime.callsite.CachingCallSite.cacheAndCall(CachingCallSite.java:322)
	at org.jruby.runtime.callsite.CachingCallSite.callBlock(CachingCallSite.java:178)
	at org.jruby.runtime.callsite.CachingCallSite.callIter(CachingCallSite.java:187)
	at org.jruby.ast.FCallOneArgBlockNode.interpret(FCallOneArgBlockNode.java:34)
	at org.jruby.ast.NewlineNode.interpret(NewlineNode.java:104)
	at org.jruby.evaluator.ASTInterpreter.INTERPRET_METHOD(ASTInterpreter.java:75)
	at org.jruby.internal.runtime.methods.InterpretedMethod.call(InterpretedMethod.java:190)
	at org.jruby.internal.runtime.methods.DefaultMethod.call(DefaultMethod.java:179)
	at org.jruby.runtime.callsite.CachingCallSite.cacheAndCall(CachingCallSite.java:312)
	at org.jruby.runtime.callsite.CachingCallSite.call(CachingCallSite.java:169)
	at org.jruby.ast.CallOneArgNode.interpret(CallOneArgNode.java:57)
	at org.jruby.ast.LocalAsgnNode.interpret(LocalAsgnNode.java:123)
	at org.jruby.ast.NewlineNode.interpret(NewlineNode.java:104)
	at org.jruby.ast.BlockNode.interpret(BlockNode.java:71)
	at org.jruby.ast.RescueNode.executeBody(RescueNode.java:216)
	at org.jruby.ast.RescueNode.interpretWithJavaExceptions(RescueNode.java:120)
	at org.jruby.ast.RescueNode.interpret(RescueNode.java:110)
	at org.jruby.evaluator.ASTInterpreter.INTERPRET_METHOD(ASTInterpreter.java:75)
	at org.jruby.internal.runtime.methods.InterpretedMethod.call(InterpretedMethod.java:190)
	at org.jruby.internal.runtime.methods.DefaultMethod.call(DefaultMethod.java:179)
	at org.jruby.runtime.callsite.CachingCallSite.cacheAndCall(CachingCallSite.java:312)
	at org.jruby.runtime.callsite.CachingCallSite.call(CachingCallSite.java:169)
	at org.jruby.ast.CallOneArgNode.interpret(CallOneArgNode.java:57)
	at org.jruby.ast.NewlineNode.interpret(NewlineNode.java:104)
	at org.jruby.ast.BlockNode.interpret(BlockNode.java:71)
	at org.jruby.evaluator.ASTInterpreter.INTERPRET_METHOD(ASTInterpreter.java:75)
	at org.jruby.internal.runtime.methods.InterpretedMethod.call(InterpretedMethod.java:190)
	at org.jruby.internal.runtime.methods.DefaultMethod.call(DefaultMethod.java:179)
	at org.jruby.runtime.callsite.CachingCallSite.cacheAndCall(CachingCallSite.java:312)
	at org.jruby.runtime.callsite.CachingCallSite.call(CachingCallSite.java:169)
	at org.jruby.ast.CallOneArgNode.interpret(CallOneArgNode.java:57)
	at org.jruby.ast.LocalAsgnNode.interpret(LocalAsgnNode.java:123)
	at org.jruby.ast.NewlineNode.interpret(NewlineNode.java:104)
	at org.jruby.ast.BlockNode.interpret(BlockNode.java:71)
	at org.jruby.ast.RescueNode.executeBody(RescueNode.java:216)
	at org.jruby.ast.RescueNode.interpretWithJavaExceptions(RescueNode.java:120)
	at org.jruby.ast.RescueNode.interpret(RescueNode.java:110)
	at org.jruby.ast.BeginNode.interpret(BeginNode.java:83)
	at org.jruby.ast.NewlineNode.interpret(NewlineNode.java:104)
	at org.jruby.ast.BlockNode.interpret(BlockNode.java:71)
	at org.jruby.evaluator.ASTInterpreter.INTERPRET_METHOD(ASTInterpreter.java:75)
	at org.jruby.internal.runtime.methods.InterpretedMethod.call(InterpretedMethod.java:190)
	at org.jruby.internal.runtime.methods.DefaultMethod.call(DefaultMethod.java:179)
	at org.jruby.runtime.callsite.CachingCallSite.cacheAndCall(CachingCallSite.java:312)
	at org.jruby.runtime.callsite.CachingCallSite.call(CachingCallSite.java:169)
	at org.jruby.ast.CallOneArgNode.interpret(CallOneArgNode.java:57)
	at org.jruby.ast.LocalAsgnNode.interpret(LocalAsgnNode.java:123)
	at org.jruby.ast.NewlineNode.interpret(NewlineNode.java:104)
	at org.jruby.ast.RescueNode.executeBody(RescueNode.java:216)
	at org.jruby.ast.RescueNode.interpretWithJavaExceptions(RescueNode.java:120)
	at org.jruby.ast.RescueNode.interpret(RescueNode.java:110)
	at org.jruby.ast.BeginNode.interpret(BeginNode.java:83)
	at org.jruby.ast.NewlineNode.interpret(NewlineNode.java:104)
	at org.jruby.ast.BlockNode.interpret(BlockNode.java:71)
	at org.jruby.evaluator.ASTInterpreter.INTERPRET_METHOD(ASTInterpreter.java:75)
	at org.jruby.internal.runtime.methods.InterpretedMethod.call(InterpretedMethod.java:190)
	at org.jruby.internal.runtime.methods.DefaultMethod.call(DefaultMethod.java:179)
	at org.jruby.runtime.callsite.CachingCallSite.cacheAndCall(CachingCallSite.java:312)
	at org.jruby.runtime.callsite.CachingCallSite.call(CachingCallSite.java:169)
	at org.jruby.ast.CallOneArgNode.interpret(CallOneArgNode.java:57)
	at org.jruby.ast.NewlineNode.interpret(NewlineNode.java:104)
	at org.jruby.ast.BlockNode.interpret(BlockNode.java:71)
	at org.jruby.ast.EnsureNode.interpret(EnsureNode.java:96)
	at org.jruby.evaluator.ASTInterpreter.INTERPRET_METHOD(ASTInterpreter.java:75)
	at org.jruby.internal.runtime.methods.InterpretedMethod.call(InterpretedMethod.java:190)
	at org.jruby.internal.runtime.methods.DefaultMethod.call(DefaultMethod.java:179)
	at org.jruby.runtime.callsite.CachingCallSite.cacheAndCall(CachingCallSite.java:312)
	at org.jruby.runtime.callsite.CachingCallSite.call(CachingCallSite.java:169)
	at org.jruby.ast.FCallOneArgNode.interpret(FCallOneArgNode.java:36)
	at org.jruby.ast.NewlineNode.interpret(NewlineNode.java:104)
	at org.jruby.ast.IfNode.interpret(IfNode.java:119)
	at org.jruby.ast.NewlineNode.interpret(NewlineNode.java:104)
	at org.jruby.evaluator.ASTInterpreter.INTERPRET_METHOD(ASTInterpreter.java:75)
	at org.jruby.internal.runtime.methods.InterpretedMethod.call(InterpretedMethod.java:190)
	at org.jruby.internal.runtime.methods.DefaultMethod.call(DefaultMethod.java:179)
	at org.jruby.runtime.callsite.CachingCallSite.cacheAndCall(CachingCallSite.java:312)
	at org.jruby.runtime.callsite.CachingCallSite.call(CachingCallSite.java:169)
	at org.jruby.ast.CallOneArgNode.interpret(CallOneArgNode.java:57)
	at org.jruby.ast.ToAryNode.interpret(ToAryNode.java:69)
	at org.jruby.ast.MultipleAsgnNode.interpret(MultipleAsgnNode.java:127)
	at org.jruby.ast.NewlineNode.interpret(NewlineNode.java:104)
	at org.jruby.ast.BlockNode.interpret(BlockNode.java:71)
	at org.jruby.evaluator.ASTInterpreter.INTERPRET_METHOD(ASTInterpreter.java:75)
	at org.jruby.internal.runtime.methods.InterpretedMethod.call(InterpretedMethod.java:190)
	at org.jruby.internal.runtime.methods.DefaultMethod.call(DefaultMethod.java:179)
	at org.jruby.runtime.callsite.CachingCallSite.cacheAndCall(CachingCallSite.java:312)
	at org.jruby.runtime.callsite.CachingCallSite.call(CachingCallSite.java:169)
	at org.jruby.ast.CallOneArgNode.interpret(CallOneArgNode.java:57)
	at org.jruby.ast.NewlineNode.interpret(NewlineNode.java:104)
	at org.jruby.ast.BlockNode.interpret(BlockNode.java:71)
	at org.jruby.evaluator.ASTInterpreter.INTERPRET_METHOD(ASTInterpreter.java:75)
	at org.jruby.internal.runtime.methods.InterpretedMethod.call(InterpretedMethod.java:190)
	at org.jruby.internal.runtime.methods.DefaultMethod.call(DefaultMethod.java:179)
	at org.jruby.runtime.callsite.CachingCallSite.cacheAndCall(CachingCallSite.java:312)
	at org.jruby.runtime.callsite.CachingCallSite.call(CachingCallSite.java:169)
	at org.jruby.ast.CallOneArgNode.interpret(CallOneArgNode.java:57)
	at org.jruby.ast.ToAryNode.interpret(ToAryNode.java:69)
	at org.jruby.ast.MultipleAsgnNode.interpret(MultipleAsgnNode.java:127)
	at org.jruby.ast.NewlineNode.interpret(NewlineNode.java:104)
	at org.jruby.ast.BlockNode.interpret(BlockNode.java:71)
	at org.jruby.evaluator.ASTInterpreter.INTERPRET_METHOD(ASTInterpreter.java:75)
	at org.jruby.internal.runtime.methods.InterpretedMethod.call(InterpretedMethod.java:190)
	at org.jruby.internal.runtime.methods.DefaultMethod.call(DefaultMethod.java:179)
	at org.jruby.runtime.callsite.CachingCallSite.cacheAndCall(CachingCallSite.java:312)
	at org.jruby.runtime.callsite.CachingCallSite.call(CachingCallSite.java:169)
	at org.jruby.ast.CallOneArgNode.interpret(CallOneArgNode.java:57)
	at org.jruby.ast.NewlineNode.interpret(NewlineNode.java:104)
	at org.jruby.ast.BlockNode.interpret(BlockNode.java:71)
	at org.jruby.ast.EnsureNode.interpret(EnsureNode.java:96)
	at org.jruby.evaluator.ASTInterpreter.INTERPRET_METHOD(ASTInterpreter.java:75)
	at org.jruby.internal.runtime.methods.InterpretedMethod.call(InterpretedMethod.java:190)
	at org.jruby.internal.runtime.methods.DefaultMethod.call(DefaultMethod.java:179)
	at org.jruby.runtime.callsite.CachingCallSite.cacheAndCall(CachingCallSite.java:312)
	at org.jruby.runtime.callsite.CachingCallSite.call(CachingCallSite.java:169)
	at org.jruby.ast.CallOneArgNode.interpret(CallOneArgNode.java:57)
	at org.jruby.ast.LocalAsgnNode.interpret(LocalAsgnNode.java:123)
	at org.jruby.ast.NewlineNode.interpret(NewlineNode.java:104)
	at org.jruby.ast.BlockNode.interpret(BlockNode.java:71)
	at org.jruby.ast.RescueNode.executeBody(RescueNode.java:216)
	at org.jruby.ast.RescueNode.interpretWithJavaExceptions(RescueNode.java:120)
	at org.jruby.ast.RescueNode.interpret(RescueNode.java:110)
	at org.jruby.ast.EnsureNode.interpret(EnsureNode.java:96)
	at org.jruby.evaluator.ASTInterpreter.INTERPRET_METHOD(ASTInterpreter.java:75)
	at org.jruby.internal.runtime.methods.InterpretedMethod.call(InterpretedMethod.java:190)
	at org.jruby.internal.runtime.methods.DefaultMethod.call(DefaultMethod.java:179)
	at org.jruby.runtime.callsite.CachingCallSite.cacheAndCall(CachingCallSite.java:312)
	at org.jruby.runtime.callsite.CachingCallSite.call(CachingCallSite.java:169)
	at org.jruby.ast.CallOneArgNode.interpret(CallOneArgNode.java:57)
	at org.jruby.ast.NewlineNode.interpret(NewlineNode.java:104)
	at org.jruby.ast.BlockNode.interpret(BlockNode.java:71)
	at org.jruby.evaluator.ASTInterpreter.INTERPRET_METHOD(ASTInterpreter.java:75)
	at org.jruby.internal.runtime.methods.InterpretedMethod.call(InterpretedMethod.java:190)
	at org.jruby.internal.runtime.methods.DefaultMethod.call(DefaultMethod.java:179)
	at org.jruby.runtime.callsite.CachingCallSite.cacheAndCall(CachingCallSite.java:312)
	at org.jruby.runtime.callsite.CachingCallSite.call(CachingCallSite.java:169)
	at org.jruby.ast.CallOneArgNode.interpret(CallOneArgNode.java:57)
	at org.jruby.ast.NewlineNode.interpret(NewlineNode.java:104)
	at org.jruby.evaluator.ASTInterpreter.INTERPRET_METHOD(ASTInterpreter.java:75)
	at org.jruby.internal.runtime.methods.InterpretedMethod.call(InterpretedMethod.java:212)
	at org.jruby.internal.runtime.methods.DefaultMethod.call(DefaultMethod.java:187)
	at org.jruby.runtime.callsite.SuperCallSite.cacheAndCall(SuperCallSite.java:366)
	at org.jruby.runtime.callsite.SuperCallSite.callBlock(SuperCallSite.java:192)
	at org.jruby.runtime.callsite.SuperCallSite.call(SuperCallSite.java:197)
	at org.jruby.runtime.callsite.SuperCallSite.callVarargs(SuperCallSite.java:108)
	at org.jruby.ast.SuperNode.interpret(SuperNode.java:114)
	at org.jruby.ast.NewlineNode.interpret(NewlineNode.java:104)
	at org.jruby.ast.BlockNode.interpret(BlockNode.java:71)
	at org.jruby.evaluator.ASTInterpreter.INTERPRET_METHOD(ASTInterpreter.java:75)
	at org.jruby.internal.runtime.methods.InterpretedMethod.call(InterpretedMethod.java:190)
	at org.jruby.internal.runtime.methods.DefaultMethod.call(DefaultMethod.java:179)
	at org.jruby.runtime.callsite.CachingCallSite.cacheAndCall(CachingCallSite.java:312)
	at org.jruby.runtime.callsite.CachingCallSite.call(CachingCallSite.java:169)
	at org.jruby.ast.CallOneArgNode.interpret(CallOneArgNode.java:57)
	at org.jruby.ast.ToAryNode.interpret(ToAryNode.java:69)
	at org.jruby.ast.MultipleAsgnNode.interpret(MultipleAsgnNode.java:127)
	at org.jruby.ast.NewlineNode.interpret(NewlineNode.java:104)
	at org.jruby.ast.BlockNode.interpret(BlockNode.java:71)
	at org.jruby.evaluator.ASTInterpreter.INTERPRET_METHOD(ASTInterpreter.java:75)
	at org.jruby.internal.runtime.methods.InterpretedMethod.call(InterpretedMethod.java:190)
	at org.jruby.internal.runtime.methods.DefaultMethod.call(DefaultMethod.java:179)
	at org.jruby.runtime.callsite.CachingCallSite.cacheAndCall(CachingCallSite.java:312)
	at org.jruby.runtime.callsite.CachingCallSite.call(CachingCallSite.java:169)
	at org.jruby.ast.CallOneArgNode.interpret(CallOneArgNode.java:57)
	at org.jruby.ast.LocalAsgnNode.interpret(LocalAsgnNode.java:123)
	at org.jruby.ast.NewlineNode.interpret(NewlineNode.java:104)
	at org.jruby.ast.BlockNode.interpret(BlockNode.java:71)
	at org.jruby.evaluator.ASTInterpreter.INTERPRET_METHOD(ASTInterpreter.java:75)
	at org.jruby.internal.runtime.methods.InterpretedMethod.call(InterpretedMethod.java:190)
	at org.jruby.internal.runtime.methods.DefaultMethod.call(DefaultMethod.java:179)
	at org.jruby.runtime.callsite.CachingCallSite.cacheAndCall(CachingCallSite.java:312)
	at org.jruby.runtime.callsite.CachingCallSite.call(CachingCallSite.java:169)
	at org.jruby.ast.CallOneArgNode.interpret(CallOneArgNode.java:57)
	at org.jruby.ast.ToAryNode.interpret(ToAryNode.java:69)
	at org.jruby.ast.MultipleAsgnNode.interpret(MultipleAsgnNode.java:127)
	at org.jruby.ast.NewlineNode.interpret(NewlineNode.java:104)
	at org.jruby.ast.BlockNode.interpret(BlockNode.java:71)
	at org.jruby.evaluator.ASTInterpreter.INTERPRET_METHOD(ASTInterpreter.java:75)
	at org.jruby.internal.runtime.methods.InterpretedMethod.call(InterpretedMethod.java:233)
	at org.jruby.internal.runtime.methods.DefaultMethod.call(DefaultMethod.java:195)
	at org.jruby.runtime.callsite.CachingCallSite.cacheAndCall(CachingCallSite.java:332)
	at org.jruby.runtime.callsite.CachingCallSite.call(CachingCallSite.java:203)
	at org.jruby.ast.CallTwoArgNode.interpret(CallTwoArgNode.java:59)
	at org.jruby.ast.NewlineNode.interpret(NewlineNode.java:104)
	at org.jruby.ast.BlockNode.interpret(BlockNode.java:71)
	at org.jruby.evaluator.ASTInterpreter.INTERPRET_METHOD(ASTInterpreter.java:75)
	at org.jruby.internal.runtime.methods.InterpretedMethod.call(InterpretedMethod.java:233)
	at org.jruby.internal.runtime.methods.DefaultMethod.call(DefaultMethod.java:195)
	at org.jruby.runtime.callsite.CachingCallSite.cacheAndCall(CachingCallSite.java:332)
	at org.jruby.runtime.callsite.CachingCallSite.call(CachingCallSite.java:203)
	at org.jruby.ast.CallTwoArgNode.interpret(CallTwoArgNode.java:59)
	at org.jruby.ast.NewlineNode.interpret(NewlineNode.java:104)
	at org.jruby.ast.BlockNode.interpret(BlockNode.java:71)
	at org.jruby.ast.RescueNode.executeBody(RescueNode.java:216)
	at org.jruby.ast.RescueNode.interpretWithJavaExceptions(RescueNode.java:120)
	at org.jruby.ast.RescueNode.interpret(RescueNode.java:110)
	at org.jruby.ast.EnsureNode.interpret(EnsureNode.java:96)
	at org.jruby.ast.BeginNode.interpret(BeginNode.java:83)
	at org.jruby.ast.NewlineNode.interpret(NewlineNode.java:104)
	at org.jruby.ast.BlockNode.interpret(BlockNode.java:71)
	at org.jruby.ast.WhileNode.interpret(WhileNode.java:131)
	at org.jruby.ast.NewlineNode.interpret(NewlineNode.java:104)
	at org.jruby.evaluator.ASTInterpreter.INTERPRET_METHOD(ASTInterpreter.java:75)
	at org.jruby.internal.runtime.methods.InterpretedMethod.call(InterpretedMethod.java:190)
	at org.jruby.internal.runtime.methods.DefaultMethod.call(DefaultMethod.java:179)
	at org.jruby.runtime.callsite.CachingCallSite.cacheAndCall(CachingCallSite.java:312)
	at org.jruby.runtime.callsite.CachingCallSite.call(CachingCallSite.java:169)
	at org.jruby.ast.FCallOneArgNode.interpret(FCallOneArgNode.java:36)
	at org.jruby.ast.IfNode.interpret(IfNode.java:119)
	at org.jruby.ast.NewlineNode.interpret(NewlineNode.java:104)
	at org.jruby.ast.BlockNode.interpret(BlockNode.java:71)
	at org.jruby.ast.RescueNode.executeBody(RescueNode.java:216)
	at org.jruby.ast.RescueNode.interpretWithJavaExceptions(RescueNode.java:120)
	at org.jruby.ast.RescueNode.interpret(RescueNode.java:110)
	at org.jruby.ast.EnsureNode.interpret(EnsureNode.java:96)
	at org.jruby.ast.BeginNode.interpret(BeginNode.java:83)
	at org.jruby.ast.NewlineNode.interpret(NewlineNode.java:104)
	at org.jruby.evaluator.ASTInterpreter.INTERPRET_BLOCK(ASTInterpreter.java:112)
	at org.jruby.runtime.InterpretedBlock.evalBlockBody(InterpretedBlock.java:374)
	at org.jruby.runtime.InterpretedBlock.yield(InterpretedBlock.java:328)
	at org.jruby.runtime.BlockBody.call(BlockBody.java:73)
	at org.jruby.runtime.Block.call(Block.java:89)
	at org.jruby.RubyProc.call(RubyProc.java:270)
	at org.jruby.RubyProc.call(RubyProc.java:224)
	at org.jruby.internal.runtime.RubyRunnable.run(RubyRunnable.java:95)
	at java.lang.Thread.run(Thread.java:680)
Caused by: java.rmi.server.ExportException: Port already in use: 9332; nested exception is: 
	java.net.BindException: Address already in use
	at sun.rmi.transport.tcp.TCPTransport.listen(TCPTransport.java:310)
	at sun.rmi.transport.tcp.TCPTransport.exportObject(TCPTransport.java:218)
	at sun.rmi.transport.tcp.TCPEndpoint.exportObject(TCPEndpoint.java:393)
	at sun.rmi.transport.LiveRef.exportObject(LiveRef.java:129)
	at sun.rmi.server.UnicastServerRef.exportObject(UnicastServerRef.java:188)
	at sun.rmi.registry.RegistryImpl.setup(RegistryImpl.java:100)
	at sun.rmi.registry.RegistryImpl.<init>(RegistryImpl.java:86)
	at java.rmi.registry.LocateRegistry.createRegistry(LocateRegistry.java:186)
	at org.neo4j.shell.impl.RmiLocation.ensureRegistryCreated(RmiLocation.java:180)
	at org.neo4j.shell.impl.RmiLocation.bind(RmiLocation.java:195)
	at org.neo4j.shell.impl.RemotelyAvailableServer.makeRemotelyAvailable(RemotelyAvailableServer.java:95)
	at org.neo4j.shell.impl.AbstractServer.makeRemotelyAvailable(AbstractServer.java:105)
	at org.neo4j.shell.impl.ShellBootstrap.enable(ShellBootstrap.java:118)
	at org.neo4j.shell.impl.ShellBootstrap.load(ShellBootstrap.java:108)
	at org.neo4j.shell.impl.ShellServerExtension.loadShell(ShellServerExtension.java:68)
	... 458 more
Caused by: java.net.BindException: Address already in use
	at java.net.PlainSocketImpl.socketBind(Native Method)
	at java.net.PlainSocketImpl.bind(PlainSocketImpl.java:383)
	at java.net.ServerSocket.bind(ServerSocket.java:328)
	at java.net.ServerSocket.<init>(ServerSocket.java:194)
	at java.net.ServerSocket.<init>(ServerSocket.java:106)
	at sun.rmi.transport.proxy.RMIDirectSocketFactory.createServerSocket(RMIDirectSocketFactory.java:27)
	at sun.rmi.transport.proxy.RMIMasterSocketFactory.createServerSocket(RMIMasterSocketFactory.java:333)
	at sun.rmi.transport.tcp.TCPEndpoint.newServerSocket(TCPEndpoint.java:649)
	at sun.rmi.transport.tcp.TCPTransport.listen(TCPTransport.java:299)
	... 472 more
2012-05-14 00:16:32.557+0000: Extension org.neo4j.kernel.KernelExtension[kernel udc] loaded ok
2012-05-14 00:16:32.561+0000: --- STARTUP diagnostics for KernelDiagnostics:Versions START ---
2012-05-14 00:16:32.561+0000: Graph Database: org.neo4j.kernel.EmbeddedReadOnlyGraphDatabase StoreId[time:1336954008710, id:-1782371332819035648, store version: 13561656364791302]
2012-05-14 00:16:32.561+0000: Kernel version: Neo4j - Graph Database Kernel 1.7
2012-05-14 00:16:32.561+0000: Neo4j component versions:
2012-05-14 00:16:32.561+0000:   Neo4j - Graph Database Kernel 1.7
2012-05-14 00:16:32.561+0000: --- STARTUP diagnostics for KernelDiagnostics:Versions END ---
2012-05-14 00:16:32.564+0000: --- STARTUP diagnostics for NEO_STORE_VERSIONS START ---
2012-05-14 00:16:32.564+0000: Store versions:
    Store versions:
      NeoStore v0.A.0
      NodeStore v0.A.0
      RelationshipStore v0.A.0
      RelationshipTypeStore v0.A.0
      PropertyStore v0.A.0
      PropertyIndexStore v0.A.0
      StringPropertyStore v0.A.0
      ArrayPropertyStore v0.A.0
2012-05-14 00:16:32.564+0000: --- STARTUP diagnostics for NEO_STORE_VERSIONS END ---
2012-05-14 00:16:32.564+0000: --- STARTUP diagnostics for NEO_STORE_ID_USAGE START ---
2012-05-14 00:16:32.564+0000: Id usage:
    Id usage:
      NodeStore: used=2912 high=2911
      RelationshipStore: used=1588 high=1587
      RelationshipTypeStore: used=2 high=1
      PropertyStore: used=2301 high=2300
      PropertyIndexStore: used=116 high=115
      StringPropertyStore: used=1 high=0
      ArrayPropertyStore: used=1 high=0
2012-05-14 00:16:32.565+0000: --- STARTUP diagnostics for NEO_STORE_ID_USAGE END ---
2012-05-14 00:16:32.565+0000: --- STARTUP diagnostics for KernelDiagnostics:StoreFiles START ---
2012-05-14 00:16:32.565+0000: Storage files:
    active_tx_log: 11.00 B
    index:
      lucene-store.db: 40.00 B
      lucene.log.1: 16.00 B
      lucene.log.active: 4.00 B
    - Total: 60.00 B
    lock: 0.00 B
    messages.log: 78.86 kB
    neostore: 54.00 B
    neostore.id: 9.00 B
    neostore.nodestore.db: 25.59 kB
    neostore.nodestore.db.id: 9.00 B
    neostore.propertystore.db: 92.13 kB
    neostore.propertystore.db.arrays: 128.00 B
    neostore.propertystore.db.arrays.id: 9.00 B
    neostore.propertystore.db.id: 9.00 B
    neostore.propertystore.db.index: 1.02 kB
    neostore.propertystore.db.index.id: 9.00 B
    neostore.propertystore.db.index.keys: 1.00 kB
    neostore.propertystore.db.index.keys.id: 9.00 B
    neostore.propertystore.db.strings: 128.00 B
    neostore.propertystore.db.strings.id: 9.00 B
    neostore.relationshipstore.db: 51.18 kB
    neostore.relationshipstore.db.id: 9.00 B
    neostore.relationshiptypestore.db: 10.00 B
    neostore.relationshiptypestore.db.id: 9.00 B
    neostore.relationshiptypestore.db.names: 114.00 B
    neostore.relationshiptypestore.db.names.id: 9.00 B
    nioneo_logical.log.1: 16.00 B
    nioneo_logical.log.active: 4.00 B
    tm_tx_log.1: 0.00 B
